[+] Containers:
 |- [+] Container: /Game/WorkoutAnimations/Maps/ThirdPersonMap
 |   |- [+] ActorDescs:
 |   |   |- Guid:003348C64949F17ADF58869E3E2E86FC BaseClass: NativeClass:/Script/Engine.SkeletalMeshActor Name:SkeletalMeshActor_UAID_B00CD162E1E7E03C02_1305756349 Label:Anim_Stretching23 SpatiallyLoaded:1 Bounds:IsValid=true, Min=(X=4867.234 Y=1909.413 Z=-4.623), Max=(X=4932.858 Y=2094.955 Z=64.488) RuntimeGrid:None EditorOnly:0 RuntimeOnly:0 HLODRelevant:0
 |   |   |- Guid:026EEBA340B8BDD45C6C9FBCC3DDDD5F BaseClass: NativeClass:/Script/Engine.SkeletalMeshActor Name:SkeletalMeshActor_UAID_B00CD162E1E7DF3C02_2085980109 Label:Anim_Bodybuilding07 SpatiallyLoaded:1 Bounds:IsValid=true, Min=(X=572.889 Y=1071.969 Z=0.032), Max=(X=653.843 Y=1126.834 Z=181.087) RuntimeGrid:None EditorOnly:0 RuntimeOnly:0 HLODRelevant:0
 |   |   |- Guid:03F82DCC4BAFB73947A5628971FCF6A4 BaseClass: NativeClass:/Script/Engine.SkeletalMeshActor Name:SkeletalMeshActor_UAID_B00CD162E1E7DF3C02_2114281116 Label:Anim_Bodybuilding14 SpatiallyLoaded:1 Bounds:IsValid=true, Min=(X=873.217 Y=1476.069 Z=-0.496), Max=(X=942.844 Y=1562.219 Z=144.448) RuntimeGrid:None EditorOnly:0 RuntimeOnly:0 HLODRelevant:0
 |   |   |- Guid:0814B3F14B910C02AF93DA97307EEB27 BaseClass: NativeClass:/Script/Engine.SkeletalMeshActor Name:SkeletalMeshActor_UAID_B00CD162E1E7E03C02_1329896355 Label:Anim_Stretching29 SpatiallyLoaded:1 Bounds:IsValid=true, Min=(X=4863.900 Y=2466.225 Z=-0.360), Max=(X=4939.980 Y=2553.296 Z=174.963) RuntimeGrid:None EditorOnly:0 RuntimeOnly:0 HLODRelevant:0
 |   |   |- Guid:088FA5DF4839853EECC9038BA797D2C0 BaseClass: NativeClass:/Script/Engine.SkeletalMeshActor Name:SkeletalMeshActor_UAID_B00CD162E1E7E03C02_1091729307 Label:Anim_Bodybuilding29 SpatiallyLoaded:1 Bounds:IsValid=true, Min=(X=1789.443 Y=2380.356 Z=-4.662), Max=(X=1849.379 Y=2562.755 Z=89.077) RuntimeGrid:None EditorOnly:0 RuntimeOnly:0 HLODRelevant:0
 |   |   |- Guid:0A589FCF4183B6E2CE552EA9EF90246F BaseClass: NativeClass:/Script/Engine.SkeletalMeshActor Name:SkeletalMeshActor_UAID_B00CD162E1E7E03C02_1094325308 Label:Anim_Bodybuilding30 SpatiallyLoaded:1 Bounds:IsValid=true, Min=(X=2039.706 Y=2495.061 Z=43.375), Max=(X=2121.793 Y=2555.605 Z=174.175) RuntimeGrid:None EditorOnly:0 RuntimeOnly:0 HLODRelevant:0
 |   |   |- Guid:0BF3BCBF4973721530C251B2AC877B6A BaseClass: NativeClass:/Script/Engine.SkeletalMeshActor Name:SkeletalMeshActor_UAID_B00CD162E1E7DF3C02_2092592111 Label:Anim_Bodybuilding09 SpatiallyLoaded:1 Bounds:IsValid=true, Min=(X=1159.806 Y=1071.567 Z=0.108), Max=(X=1240.986 Y=1112.844 Z=181.142) RuntimeGrid:None EditorOnly:0 RuntimeOnly:0 HLODRelevant:0
 |   |   |- Guid:0CEEDA62475BDB600A1951BE4B295307 BaseClass: NativeClass:/Script/Engine.SkeletalMeshActor Name:SkeletalMeshActor_UAID_B00CD162E1E7DF3C02_2065650104 Label:Anim_Bodybuilding02 SpatiallyLoaded:1 Bounds:IsValid=true, Min=(X=869.902 Y=587.351 Z=-0.210), Max=(X=929.601 Y=632.256 Z=182.982) RuntimeGrid:None EditorOnly:0 RuntimeOnly:0 HLODRelevant:0
 |   |   |- Guid:0EF559BE47CB07B7B907F2BDCA21F0B3 BaseClass: NativeClass:/Script/Engine.SkeletalMeshActor Name:SkeletalMeshActor_UAID_B00CD162E1E7E03C02_1149885322 Label:Anim_Bodybuilding44 SpatiallyLoaded:1 Bounds:IsValid=true, Min=(X=843.981 Y=3835.418 Z=1.272), Max=(X=934.745 Y=3925.255 Z=135.933) RuntimeGrid:None EditorOnly:0 RuntimeOnly:0 HLODRelevant:0
 |   |   |- Guid:0F176EA449B37815A8890AA84AF49989 BaseClass: NativeClass:/Script/Engine.SkeletalMeshActor Name:SkeletalMeshActor_UAID_B00CD162E1E7E03C02_1127607315 Label:Anim_Bodybuilding37 SpatiallyLoaded:1 Bounds:IsValid=true, Min=(X=567.660 Y=3382.901 Z=36.525), Max=(X=633.244 Y=3414.895 Z=254.897) RuntimeGrid:None EditorOnly:0 RuntimeOnly:0 HLODRelevant:0
 |   |   |- Guid:0F8F1D6347B8ED6A873ABBB492DA0AAE BaseClass: NativeClass:/Script/Engine.SkeletalMeshActor Name:SkeletalMeshActor_UAID_B00CD162E1E7E03C02_1253792335 Label:Anim_Stretching09 SpatiallyLoaded:1 Bounds:IsValid=true, Min=(X=4070.060 Y=911.344 Z=-7.239), Max=(X=4124.818 Y=1066.195 Z=129.925) RuntimeGrid:None EditorOnly:0 RuntimeOnly:0 HLODRelevant:0
 |   |   |- Guid:14C2982145B2ACFFC0B31B9034E3C13C BaseClass: NativeClass:/Script/Engine.SkeletalMeshActor Name:SkeletalMeshActor_UAID_B00CD162E1E7DF3C02_2080574108 Label:Anim_Bodybuilding06 SpatiallyLoaded:1 Bounds:IsValid=true, Min=(X=2062.474 Y=580.215 Z=-0.411), Max=(X=2153.806 Y=622.111 Z=180.734) RuntimeGrid:None EditorOnly:0 RuntimeOnly:0 HLODRelevant:0
 |   |   |- Guid:18FF19884D801E1AAD4260989E86D627 BaseClass: NativeClass:/Script/Engine.SkeletalMeshActor Name:SkeletalMeshActor_UAID_B00CD162E1E7DF3C02_2122397119 Label:Anim_Bodybuilding17 SpatiallyLoaded:1 Bounds:IsValid=true, Min=(X=1779.572 Y=1436.716 Z=-3.207), Max=(X=1839.476 Y=1528.896 Z=88.830) RuntimeGrid:None EditorOnly:0 RuntimeOnly:0 HLODRelevant:0
 |   |   |- Guid:1D8A83F149DF7E648304319CE42B9C6F BaseClass: NativeClass:/Script/Engine.SkeletalMeshActor Name:SkeletalMeshActor_UAID_B00CD162E1E7E03C02_1152787323 Label:Anim_Bodybuilding45 SpatiallyLoaded:1 Bounds:IsValid=true, Min=(X=1156.551 Y=3825.417 Z=1.272), Max=(X=1233.476 Y=3915.255 Z=135.847) RuntimeGrid:None EditorOnly:0 RuntimeOnly:0 HLODRelevant:0
 |   |   |- Guid:1F87F3A74DA452BDA013B1A54F3B1CF4 BaseClass: NativeClass:/Script/Engine.SkeletalMeshActor Name:SkeletalMeshActor_UAID_B00CD162E1E7E03C02_1135199318 Label:Anim_Bodybuilding40 SpatiallyLoaded:1 Bounds:IsValid=true, Min=(X=1461.348 Y=3377.376 Z=134.193), Max=(X=1539.940 Y=3504.197 Z=257.514) RuntimeGrid:None EditorOnly:0 RuntimeOnly:0 HLODRelevant:0
 |   |   |- Guid:26064B264582E2DE30CFC3BBB4FA0825 BaseClass: NativeClass:/Script/Engine.SkeletalMeshActor Name:SkeletalMeshActor_UAID_B00CD162E1E7E03C02_1256091336 Label:Anim_Stretching10 SpatiallyLoaded:1 Bounds:IsValid=true, Min=(X=4475.167 Y=921.330 Z=-7.228), Max=(X=4530.301 Y=1076.209 Z=129.915) RuntimeGrid:None EditorOnly:0 RuntimeOnly:0 HLODRelevant:0
 |   |   |- Guid:27D6505D4835D767C11CC8B4352E3408 BaseClass: NativeClass:/Script/Engine.SkeletalMeshActor Name:SkeletalMeshActor_UAID_B00CD162E1E7DF3C02_2142685125 Label:Anim_Bodybuilding23 SpatiallyLoaded:1 Bounds:IsValid=true, Min=(X=1756.343 Y=1910.187 Z=-4.821), Max=(X=1844.977 Y=2087.505 Z=56.898) RuntimeGrid:None EditorOnly:0 RuntimeOnly:0 HLODRelevant:0
 |   |   |- Guid:2E0B1A6143F85D57EF275FBAEAC96B26 BaseClass: NativeClass:/Script/Engine.SkeletalMeshActor Name:SkeletalMeshActor_UAID_B00CD162E1E7DF3C02_2140146124 Label:Anim_Bodybuilding22 SpatiallyLoaded:1 Bounds:IsValid=true, Min=(X=1455.026 Y=1930.181 Z=-4.800), Max=(X=1543.637 Y=2107.495 Z=57.020) RuntimeGrid:None EditorOnly:0 RuntimeOnly:0 HLODRelevant:0
 |   |   |- Guid:30EB89274E90990422E699AF1ABDE435 BaseClass: NativeClass:/Script/Engine.SkeletalMeshActor Name:SkeletalMeshActor_UAID_B00CD162E1E7DF3C02_2097407113 Label:Anim_Bodybuilding11 SpatiallyLoaded:1 Bounds:IsValid=true, Min=(X=1752.658 Y=1082.519 Z=0.008), Max=(X=1845.483 Y=1122.879 Z=179.932) RuntimeGrid:None EditorOnly:0 RuntimeOnly:0 HLODRelevant:0
 |   |   |- Guid:31EA2F33484C63A9F8804F8FDFDB2DEA BaseClass: NativeClass:/Script/Engine.SkeletalMeshActor Name:SkeletalMeshActor_UAID_B00CD162E1E7E03C02_1158688325 Label:Anim_Bodybuilding47 SpatiallyLoaded:1 Bounds:IsValid=true, Min=(X=1767.364 Y=3846.203 Z=1.297), Max=(X=1852.529 Y=3934.201 Z=136.322) RuntimeGrid:None EditorOnly:0 RuntimeOnly:0 HLODRelevant:0
 |   |   |- Guid:3359C541457597F2159E8A85ED8A9C9A BaseClass: NativeClass:/Script/Engine.SkeletalMeshActor Name:SkeletalMeshActor_UAID_B00CD162E1E7E03C02_1341771358 Label:Anim_Stretching32 SpatiallyLoaded:1 Bounds:IsValid=true, Min=(X=3639.289 Y=2976.299 Z=-0.462), Max=(X=3746.711 Y=3054.029 Z=181.542) RuntimeGrid:None EditorOnly:0 RuntimeOnly:0 HLODRelevant:0
 |   |   |- Guid:38E5AC824504A346FA9A2F965C846177 BaseClass: NativeClass:/Script/Engine.SkeletalMeshActor Name:SkeletalMeshActor_UAID_B00CD162E1E7E03C02_1317603351 Label:Anim_Stretching25 SpatiallyLoaded:1 Bounds:IsValid=true, Min=(X=3261.719 Y=2465.065 Z=0.274), Max=(X=3338.987 Y=2559.970 Z=115.963) RuntimeGrid:None EditorOnly:0 RuntimeOnly:0 HLODRelevant:0
 |   |   |- Guid:3A00AA1C422CE54C0BDB60BAF471BFBB BaseClass: NativeClass:/Script/Engine.PlayerStart Name:PlayerStart_0 Label:PlayerStart SpatiallyLoaded:0 Bounds:IsValid=true, Min=(X=860.000 Y=1070.000 Z=0.013), Max=(X=940.000 Y=1150.000 Z=184.013) RuntimeGrid:None EditorOnly:0 RuntimeOnly:0 HLODRelevant:0
 |   |   |- Guid:3C461B23411857399A7E708A3969A0F1 BaseClass: NativeClass:/Script/Engine.SkeletalMeshActor Name:SkeletalMeshActor_UAID_B00CD162E1E7E03C02_1320106352 Label:Anim_Stretching26 SpatiallyLoaded:1 Bounds:IsValid=true, Min=(X=3660.700 Y=2465.078 Z=0.286), Max=(X=3737.968 Y=2559.970 Z=116.021) RuntimeGrid:None EditorOnly:0 RuntimeOnly:0 HLODRelevant:0
 |   |   |- Guid:3CA92B2C44B17C0F5036308D8FBADAAB BaseClass: NativeClass:/Script/Engine.DirectionalLight Name:DirectionalLight_UAID_B00CD162E1E7943C02_1320165905 Label:DirectionalLight SpatiallyLoaded:0 Bounds:IsValid=true, Min=(X=-4398046511104.000 Y=-4398046511104.000 Z=-4398046511104.000), Max=(X=4398046511104.000 Y=4398046511104.000 Z=4398046511104.000) RuntimeGrid:None EditorOnly:0 RuntimeOnly:0 HLODRelevant:0
 |   |   |- Guid:3D0C8A42460EB219C17CEC93CA4E5826 BaseClass: NativeClass:/Script/Engine.SkeletalMeshActor Name:SkeletalMeshActor_UAID_B00CD162E1E7E03C02_1147519321 Label:Anim_Bodybuilding43 SpatiallyLoaded:1 Bounds:IsValid=true, Min=(X=534.016 Y=3825.753 Z=1.314), Max=(X=644.580 Y=3915.158 Z=135.976) RuntimeGrid:None EditorOnly:0 RuntimeOnly:0 HLODRelevant:0
 |   |   |- Guid:3EA670D84FAAC3B9FFE1278BDDEE7B7B BaseClass: NativeClass:/Script/Engine.SkeletalMeshActor Name:SkeletalMeshActor_UAID_B00CD162E1E7DF3C02_2074680106 Label:Anim_Bodybuilding04 SpatiallyLoaded:1 Bounds:IsValid=true, Min=(X=1464.735 Y=581.453 Z=-0.182), Max=(X=1555.478 Y=616.982 Z=177.142) RuntimeGrid:None EditorOnly:0 RuntimeOnly:0 HLODRelevant:0
 |   |   |- Guid:4973E7004BBC4BE68D5FA88B28B1BB65 BaseClass: NativeClass:/Script/Engine.SkeletalMeshActor Name:SkeletalMeshActor_UAID_B00CD162E1E7E03C02_1132808317 Label:Anim_Bodybuilding39 SpatiallyLoaded:1 Bounds:IsValid=true, Min=(X=1161.360 Y=3377.358 Z=49.285), Max=(X=1239.949 Y=3432.525 Z=257.525) RuntimeGrid:None EditorOnly:0 RuntimeOnly:0 HLODRelevant:0
 |   |   |- Guid:49B4B2204E4CA8785AC54088612FBEC1 BaseClass: NativeClass:/Script/Engine.SkeletalMeshActor Name:SkeletalMeshActor_UAID_B00CD162E1E7E03C02_1333146356 Label:Anim_Stretching30 SpatiallyLoaded:1 Bounds:IsValid=true, Min=(X=5259.948 Y=2466.184 Z=-0.353), Max=(X=5336.035 Y=2553.760 Z=174.964) RuntimeGrid:None EditorOnly:0 RuntimeOnly:0 HLODRelevant:0
 |   |   |- Guid:4A8C05D64F4D905C1E85C5971446311D BaseClass: NativeClass:/Script/Engine.SkeletalMeshActor Name:SkeletalMeshActor_UAID_B00CD162E1E7E03C02_1089176306 Label:Anim_Bodybuilding28 SpatiallyLoaded:1 Bounds:IsValid=true, Min=(X=1458.418 Y=2388.499 Z=-2.655), Max=(X=1530.125 Y=2536.520 Z=82.745) RuntimeGrid:None EditorOnly:0 RuntimeOnly:0 HLODRelevant:0
 |   |   |- Guid:4A9D4DF2420EAD6CA4395DAF10D54CE2 BaseClass: NativeClass:/Script/Engine.SkeletalMeshActor Name:SkeletalMeshActor_UAID_B00CD162E1E7E03C02_1338415357 Label:Anim_Stretching31 SpatiallyLoaded:1 Bounds:IsValid=true, Min=(X=3253.791 Y=2976.288 Z=-0.461), Max=(X=3360.058 Y=3054.035 Z=181.542) RuntimeGrid:None EditorOnly:0 RuntimeOnly:0 HLODRelevant:0
 |   |   |- Guid:4BF551DA489BD48F4AB410A304745FFD BaseClass: NativeClass:/Script/Engine.SkeletalMeshActor Name:SkeletalMeshActor_UAID_B00CD162E1E7E03C02_1116505313 Label:Anim_Bodybuilding35 SpatiallyLoaded:1 Bounds:IsValid=true, Min=(X=1759.686 Y=2984.266 Z=42.000), Max=(X=1841.798 Y=3025.458 Z=226.002) RuntimeGrid:None EditorOnly:0 RuntimeOnly:0 HLODRelevant:0
 |   |   |- Guid:4D0B5FA64CEDE8D01DBF1AB2F6210FDC BaseClass: NativeClass:/Script/Engine.SkeletalMeshActor Name:SkeletalMeshActor_UAID_B00CD162E1E7E03C02_1107947310 Label:Anim_Bodybuilding32 SpatiallyLoaded:1 Bounds:IsValid=true, Min=(X=865.592 Y=2987.664 Z=42.141), Max=(X=934.411 Y=3039.030 Z=222.689) RuntimeGrid:None EditorOnly:0 RuntimeOnly:0 HLODRelevant:0
 |   |   |- Guid:4F3BC9FF4728656F9B61DD80A6863F5B BaseClass: NativeClass:/Script/Engine.SkeletalMeshActor Name:SkeletalMeshActor_UAID_B00CD162E1E7E03C02_1111247311 Label:Anim_Bodybuilding33 SpatiallyLoaded:1 Bounds:IsValid=true, Min=(X=1172.092 Y=2987.668 Z=42.142), Max=(X=1228.256 Y=3039.034 Z=222.690) RuntimeGrid:None EditorOnly:0 RuntimeOnly:0 HLODRelevant:0
 |   |   |- Guid:51DE5A454911E3FDAA388AAA8B445F97 BaseClass: NativeClass:/Script/Engine.SkeletalMeshActor Name:SkeletalMeshActor_UAID_B00CD162E1E7E03C02_1233617329 Label:Anim_Stretching03 SpatiallyLoaded:1 Bounds:IsValid=true, Min=(X=4050.485 Y=575.379 Z=-2.039), Max=(X=4152.237 Y=636.089 Z=115.434) RuntimeGrid:None EditorOnly:0 RuntimeOnly:0 HLODRelevant:0
 |   |   |- Guid:537124C949059A8AC882EF97234FA0D9 BaseClass: NativeClass:/Script/Engine.SkeletalMeshActor Name:SkeletalMeshActor_UAID_B00CD162E1E7DF3C02_2134782122 Label:Anim_Bodybuilding20 SpatiallyLoaded:1 Bounds:IsValid=true, Min=(X=861.794 Y=1919.245 Z=-5.152), Max=(X=938.765 Y=2095.967 Z=49.185) RuntimeGrid:None EditorOnly:0 RuntimeOnly:0 HLODRelevant:0
 |   |   |- Guid:59E5234C4B1F56756B20B2A0EF16D996 BaseClass: NativeClass:/Script/Engine.SkeletalMeshActor Name:SkeletalMeshActor_UAID_B00CD162E1E7E03C02_1251442334 Label:Anim_Stretching08 SpatiallyLoaded:1 Bounds:IsValid=true, Min=(X=3685.030 Y=887.588 Z=-4.955), Max=(X=3737.833 Y=1063.205 Z=75.556) RuntimeGrid:None EditorOnly:0 RuntimeOnly:0 HLODRelevant:0
 |   |   |- Guid:5B97F4A64FB21F77EFC44386BF705B4C BaseClass: NativeClass:/Script/Engine.TextRenderActor Name:TextRenderActor_1 Label:TextRenderActor SpatiallyLoaded:1 Bounds:IsValid=true, Min=(X=-0.100 Y=1100.000 Z=65.013), Max=(X=-0.100 Y=2392.308 Z=215.013) RuntimeGrid:None EditorOnly:0 RuntimeOnly:0 HLODRelevant:0
 |   |   |- Guid:5DA68DCA4BC1D8A3F040ABB6D69B2444 BaseClass: NativeClass:/Script/Engine.SkeletalMeshActor Name:SkeletalMeshActor_UAID_B00CD162E1E7DF3C02_2137404123 Label:Anim_Bodybuilding21 SpatiallyLoaded:1 Bounds:IsValid=true, Min=(X=1165.697 Y=1919.244 Z=-5.237), Max=(X=1234.833 Y=2095.965 Z=49.189) RuntimeGrid:None EditorOnly:0 RuntimeOnly:0 HLODRelevant:0
 |   |   |- Guid:5DB3B6474F9850745685ADB33BCB2263 BaseClass: NativeClass:/Script/Engine.SkeletalMeshActor Name:SkeletalMeshActor_UAID_B00CD162E1E7DF3C02_2117232117 Label:Anim_Bodybuilding15 SpatiallyLoaded:1 Bounds:IsValid=true, Min=(X=1170.150 Y=1479.478 Z=-0.406), Max=(X=1248.227 Y=1521.175 Z=181.356) RuntimeGrid:None EditorOnly:0 RuntimeOnly:0 HLODRelevant:0
 |   |   |- Guid:63E1AB4A42BA346F7D9F59B3A5090FF2 BaseClass: NativeClass:/Script/Engine.SkeletalMeshActor Name:SkeletalMeshActor_UAID_B00CD162E1E7DF3C02_2099786114 Label:Anim_Bodybuilding12 SpatiallyLoaded:1 Bounds:IsValid=true, Min=(X=2052.474 Y=1080.212 Z=-0.411), Max=(X=2143.806 Y=1122.108 Z=180.734) RuntimeGrid:None EditorOnly:0 RuntimeOnly:0 HLODRelevant:0
 |   |   |- Guid:675CF734493F3B9B640F7284BEFAF2F4 BaseClass: NativeClass:/Script/Engine.SkeletalMeshActor Name:SkeletalMeshActor_UAID_B00CD162E1E7E03C02_1293713345 Label:Anim_Stretching19 SpatiallyLoaded:1 Bounds:IsValid=true, Min=(X=3262.895 Y=1979.367 Z=0.126), Max=(X=3332.039 Y=2035.796 Z=174.491) RuntimeGrid:None EditorOnly:0 RuntimeOnly:0 HLODRelevant:0
 |   |   |- Guid:6BAF4DDD444C60371492D3919DB42C97 BaseClass: NativeClass:/Script/Engine.WorldDataLayers Name:WorldDataLayers Label:WorldDataLayers SpatiallyLoaded:0 Bounds:IsValid=true, Min=(X=0.000 Y=0.000 Z=0.000), Max=(X=0.000 Y=0.000 Z=0.000) RuntimeGrid:None EditorOnly:0 RuntimeOnly:0 HLODRelevant:0
 |   |   |- Guid:6D6DA8424019A9F96B49EFBB5A103D0A BaseClass: NativeClass:/Script/Engine.SkeletalMeshActor Name:SkeletalMeshActor_UAID_B00CD162E1E7E03C02_1230874328 Label:Anim_Stretching02 SpatiallyLoaded:1 Bounds:IsValid=true, Min=(X=3650.485 Y=575.379 Z=-2.039), Max=(X=3752.237 Y=636.089 Z=115.434) RuntimeGrid:None EditorOnly:0 RuntimeOnly:0 HLODRelevant:0
 |   |   |- Guid:7612680D4ED8006E5509E986AB117030 BaseClass: NativeClass:/Script/Engine.SkeletalMeshActor Name:SkeletalMeshActor_UAID_B00CD162E1E7E03C02_1309043350 Label:Anim_Stretching24 SpatiallyLoaded:1 Bounds:IsValid=true, Min=(X=5240.909 Y=1976.073 Z=-0.691), Max=(X=5355.479 Y=2062.333 Z=115.055) RuntimeGrid:None EditorOnly:0 RuntimeOnly:0 HLODRelevant:0
 |   |   |- Guid:788F0F384138A1DDA7A42BA4D4B2136F BaseClass: NativeClass:/Script/Engine.SkeletalMeshActor Name:SkeletalMeshActor_UAID_B00CD162E1E7DF3C02_2145202126 Label:Anim_Bodybuilding24 SpatiallyLoaded:1 Bounds:IsValid=true, Min=(X=2072.349 Y=1904.416 Z=-4.732), Max=(X=2147.744 Y=2083.494 Z=39.708) RuntimeGrid:None EditorOnly:0 RuntimeOnly:0 HLODRelevant:0
 |   |   |- Guid:79BE6E304DB4583914AAE093B911544C BaseClass: NativeClass:/Script/Engine.SkeletalMeshActor Name:SkeletalMeshActor_UAID_B00CD162E1E7E03C02_1243472332 Label:Anim_Stretching06 SpatiallyLoaded:1 Bounds:IsValid=true, Min=(X=5268.041 Y=558.294 Z=-7.038), Max=(X=5333.411 Y=694.760 Z=48.682) RuntimeGrid:None EditorOnly:0 RuntimeOnly:0 HLODRelevant:0
 |   |   |- Guid:7A06CA384C76B5D68BE79E8356208F0D BaseClass: NativeClass:/Script/Engine.SkeletalMeshActor Name:SkeletalMeshActor_UAID_B00CD162E1E7E03C02_1279795342 Label:Anim_Stretching16 SpatiallyLoaded:1 Bounds:IsValid=true, Min=(X=4475.276 Y=1463.410 Z=-2.564), Max=(X=4569.756 Y=1595.488 Z=92.760) RuntimeGrid:None EditorOnly:0 RuntimeOnly:0 HLODRelevant:0
 |   |   |- Guid:7B2C73DB43B5504E41F2CD8CE6896AB7 BaseClass: NativeClass:/Script/Engine.SkeletalMeshActor Name:SkeletalMeshActor_UAID_B00CD162E1E7E03C02_1237436330 Label:Anim_Stretching04 SpatiallyLoaded:1 Bounds:IsValid=true, Min=(X=4460.874 Y=565.228 Z=-10.573), Max=(X=4539.652 Y=636.318 Z=115.374) RuntimeGrid:None EditorOnly:0 RuntimeOnly:0 HLODRelevant:0
 |   |   |- Guid:7C2A90924FCF55DEE1E91D923EE56324 BaseClass: NativeClass:/Script/Engine.SkyAtmosphere Name:SkyAtmosphere_UAID_B00CD162E1E7943C02_1320636906 Label:SkyAtmosphere SpatiallyLoaded:0 Bounds:IsValid=true, Min=(X=0.000 Y=0.000 Z=0.000), Max=(X=0.000 Y=0.000 Z=0.000) RuntimeGrid:None EditorOnly:0 RuntimeOnly:0 HLODRelevant:0
 |   |   |- Guid:7C753B594C2C28C57571158738CB94A6 BaseClass: NativeClass:/Script/Engine.SkeletalMeshActor Name:SkeletalMeshActor_UAID_B00CD162E1E7DF3C02_2131247121 Label:Anim_Bodybuilding19 SpatiallyLoaded:1 Bounds:IsValid=true, Min=(X=562.607 Y=1961.051 Z=-3.241), Max=(X=639.647 Y=2051.089 Z=86.494) RuntimeGrid:None EditorOnly:0 RuntimeOnly:0 HLODRelevant:0
 |   |   |- Guid:7FA76E124B34D820F59367AE2C3EB1C6 BaseClass: NativeClass:/Script/Engine.SkeletalMeshActor Name:SkeletalMeshActor_UAID_B00CD162E1E7E03C02_1248309333 Label:Anim_Stretching07 SpatiallyLoaded:1 Bounds:IsValid=true, Min=(X=3272.386 Y=887.582 Z=-5.124), Max=(X=3324.954 Y=1063.203 Z=75.471) RuntimeGrid:None EditorOnly:0 RuntimeOnly:0 HLODRelevant:0
 |   |   |- Guid:81D5D61644D6DF9C1AE58DB937E80DBE BaseClass: NativeClass:/Script/Engine.SkeletalMeshActor Name:SkeletalMeshActor_UAID_B00CD162E1E7E03C02_1284863343 Label:Anim_Stretching17 SpatiallyLoaded:1 Bounds:IsValid=true, Min=(X=4851.405 Y=1479.009 Z=0.931), Max=(X=4948.674 Y=1543.539 Z=174.824) RuntimeGrid:None EditorOnly:0 RuntimeOnly:0 HLODRelevant:0
 |   |   |- Guid:862717C443E41838FF550A82BBD8C551 BaseClass: NativeClass:/Script/Engine.SkeletalMeshActor Name:SkeletalMeshActor_UAID_B00CD162E1E7DF3C02_2089641110 Label:Anim_Bodybuilding08 SpatiallyLoaded:1 Bounds:IsValid=true, Min=(X=871.409 Y=1081.970 Z=0.032), Max=(X=948.692 Y=1141.171 Z=180.496) RuntimeGrid:None EditorOnly:0 RuntimeOnly:0 HLODRelevant:0
 |   |   |- Guid:91A2C5FF4D69FC4E89D213B1B3DA5030 BaseClass: NativeClass:/Script/Engine.SkeletalMeshActor Name:SkeletalMeshActor_UAID_B00CD162E1E7E03C02_1322110353 Label:Anim_Stretching27 SpatiallyLoaded:1 Bounds:IsValid=true, Min=(X=4079.596 Y=2401.732 Z=-4.856), Max=(X=4125.657 Y=2556.574 Z=161.244) RuntimeGrid:None EditorOnly:0 RuntimeOnly:0 HLODRelevant:0
 |   |   |- Guid:921B540949D5BAD074390BBC51A90E33 BaseClass: NativeClass:/Script/Engine.ExponentialHeightFog Name:ExponentialHeightFog_UAID_B00CD162E1E7943C02_1314631903 Label:ExponentialHeightFog SpatiallyLoaded:0 Bounds:IsValid=true, Min=(X=0.000 Y=0.000 Z=0.000), Max=(X=0.000 Y=0.000 Z=0.000) RuntimeGrid:None EditorOnly:0 RuntimeOnly:0 HLODRelevant:0
 |   |   |- Guid:97ACADD94FA5293963277793CB4F2AD7 BaseClass: NativeClass:/Script/Engine.SkeletalMeshActor Name:SkeletalMeshActor_UAID_B00CD162E1E7E03C02_1303313348 Label:Anim_Stretching22 SpatiallyLoaded:1 Bounds:IsValid=true, Min=(X=4447.653 Y=1990.437 Z=0.016), Max=(X=4550.917 Y=2026.876 Z=217.638) RuntimeGrid:None EditorOnly:0 RuntimeOnly:0 HLODRelevant:0
 |   |   |- Guid:997571C1451B30036A7AD78AFE4523A5 BaseClass: NativeClass:/Script/Engine.SkeletalMeshActor Name:SkeletalMeshActor_UAID_B00CD162E1E7E03C02_1277013341 Label:Anim_Stretching15 SpatiallyLoaded:1 Bounds:IsValid=true, Min=(X=4030.330 Y=1463.613 Z=-2.469), Max=(X=4124.815 Y=1595.475 Z=92.767) RuntimeGrid:None EditorOnly:0 RuntimeOnly:0 HLODRelevant:0
 |   |   |- Guid:9A8003284352285B4D9F73A6C6D9C965 BaseClass: NativeClass:/Script/Engine.SkeletalMeshActor Name:SkeletalMeshActor_UAID_B00CD162E1E7E03C02_1113912312 Label:Anim_Bodybuilding34 SpatiallyLoaded:1 Bounds:IsValid=true, Min=(X=1459.671 Y=2949.894 Z=20.564), Max=(X=1541.797 Y=3038.907 Z=197.042) RuntimeGrid:None EditorOnly:0 RuntimeOnly:0 HLODRelevant:0
 |   |   |- Guid:9EB82ED546BCE63879CD33AAAE87FCC0 BaseClass: NativeClass:/Script/Engine.SkeletalMeshActor Name:SkeletalMeshActor_UAID_B00CD162E1E7E03C02_1270397339 Label:Anim_Stretching13 SpatiallyLoaded:1 Bounds:IsValid=true, Min=(X=3275.097 Y=1481.579 Z=-0.148), Max=(X=3325.272 Y=1519.105 Z=217.666) RuntimeGrid:None EditorOnly:0 RuntimeOnly:0 HLODRelevant:0
 |   |   |- Guid:9F443CF344BE4E492B23408E1E848B9F BaseClass: NativeClass:/Script/Engine.VolumetricCloud Name:VolumetricCloud_UAID_B00CD162E1E7943C02_1321242907 Label:VolumetricCloud SpatiallyLoaded:0 Bounds:IsValid=true, Min=(X=0.000 Y=0.000 Z=0.000), Max=(X=0.000 Y=0.000 Z=0.000) RuntimeGrid:None EditorOnly:0 RuntimeOnly:0 HLODRelevant:0
 |   |   |- Guid:A33EB3E84125AD89E577C1BAC17E5AAA BaseClass: NativeClass:/Script/Engine.SkeletalMeshActor Name:SkeletalMeshActor_UAID_B00CD162E1E7DF3C02_2068846105 Label:Anim_Bodybuilding03 SpatiallyLoaded:1 Bounds:IsValid=true, Min=(X=1179.902 Y=577.351 Z=-0.210), Max=(X=1239.601 Y=622.256 Z=182.981) RuntimeGrid:None EditorOnly:0 RuntimeOnly:0 HLODRelevant:0
 |   |   |- Guid:A38371BC4EEFE9F45B3CD0B42123855E BaseClass: NativeClass:/Script/Engine.SkeletalMeshActor Name:SkeletalMeshActor_UAID_B00CD162E1E7E03C02_1130052316 Label:Anim_Bodybuilding38 SpatiallyLoaded:1 Bounds:IsValid=true, Min=(X=867.685 Y=3372.344 Z=127.402), Max=(X=933.237 Y=3489.201 Z=254.904) RuntimeGrid:None EditorOnly:0 RuntimeOnly:0 HLODRelevant:0
 |   |   |- Guid:AA02DE1349E5A74FC120038AEBE43457 BaseClass: NativeClass:/Script/Engine.SkeletalMeshActor Name:SkeletalMeshActor_UAID_B00CD162E1E7E03C02_1083344304 Label:Anim_Bodybuilding26 SpatiallyLoaded:1 Bounds:IsValid=true, Min=(X=863.598 Y=2465.545 Z=1.596), Max=(X=937.438 Y=2519.837 Z=198.447) RuntimeGrid:None EditorOnly:0 RuntimeOnly:0 HLODRelevant:0
 |   |   |- Guid:AC789324471A3927F7EDB29F34379A75 BaseClass: NativeClass:/Script/Engine.SkeletalMeshActor Name:SkeletalMeshActor_UAID_B00CD162E1E7E03C02_1240143331 Label:Anim_Stretching05 SpatiallyLoaded:1 Bounds:IsValid=true, Min=(X=4866.879 Y=557.223 Z=1.006), Max=(X=4931.915 Y=689.722 Z=119.807) RuntimeGrid:None EditorOnly:0 RuntimeOnly:0 HLODRelevant:0
 |   |   |- Guid:B0F0A94C40FCFA365429B793237C6241 BaseClass: NativeClass:/Script/Engine.SkeletalMeshActor Name:SkeletalMeshActor_UAID_B00CD162E1E7E03C02_1080973303 Label:Anim_Bodybuilding25 SpatiallyLoaded:1 Bounds:IsValid=true, Min=(X=559.590 Y=2371.404 Z=-5.608), Max=(X=620.120 Y=2541.537 Z=73.269) RuntimeGrid:None EditorOnly:0 RuntimeOnly:0 HLODRelevant:0
 |   |   |- Guid:B8E505D4469759F76B00A9B38BE58AF0 BaseClass: NativeClass:/Script/Engine.SkeletalMeshActor Name:SkeletalMeshActor_UAID_B00CD162E1E7E03C02_1142412320 Label:Anim_Bodybuilding42 SpatiallyLoaded:1 Bounds:IsValid=true, Min=(X=2071.278 Y=3354.768 Z=174.431), Max=(X=2150.091 Y=3534.490 Z=260.309) RuntimeGrid:None EditorOnly:0 RuntimeOnly:0 HLODRelevant:0
 |   |   |- Guid:BBA7B7F64A3F35404C389BB12E26BCD6 BaseClass: NativeClass:/Script/Engine.SkeletalMeshActor Name:SkeletalMeshActor_UAID_B00CD162E1E7DF3C02_2094841112 Label:Anim_Bodybuilding10 SpatiallyLoaded:1 Bounds:IsValid=true, Min=(X=1462.482 Y=1081.445 Z=0.079), Max=(X=1555.897 Y=1123.443 Z=173.434) RuntimeGrid:None EditorOnly:0 RuntimeOnly:0 HLODRelevant:0
 |   |   |- Guid:BC53B5484B5FC4571D88F6B629880ED9 BaseClass: NativeClass:/Script/Engine.SkeletalMeshActor Name:SkeletalMeshActor_UAID_B00CD162E1E7E03C02_1138227319 Label:Anim_Bodybuilding41 SpatiallyLoaded:1 Bounds:IsValid=true, Min=(X=1776.317 Y=3375.367 Z=175.639), Max=(X=1843.648 Y=3560.108 Z=259.246) RuntimeGrid:None EditorOnly:0 RuntimeOnly:0 HLODRelevant:0
 |   |   |- Guid:C11C81754AEF3E71C9AD159EF9C7A1FA BaseClass: NativeClass:/Script/Engine.SkeletalMeshActor Name:SkeletalMeshActor_UAID_B00CD162E1E7DF3C02_2120147118 Label:Anim_Bodybuilding16 SpatiallyLoaded:1 Bounds:IsValid=true, Min=(X=1465.233 Y=1481.375 Z=-0.276), Max=(X=1534.861 Y=1572.869 Z=131.788) RuntimeGrid:None EditorOnly:0 RuntimeOnly:0 HLODRelevant:0
 |   |   |- Guid:C5DAF6904D0CC645C2AFCFA28AF4DA94 BaseClass: NativeClass:/Script/Engine.SkeletalMeshActor Name:SkeletalMeshActor_UAID_B00CD162E1E7E03C02_1297003346 Label:Anim_Stretching20 SpatiallyLoaded:1 Bounds:IsValid=true, Min=(X=3668.856 Y=1980.573 Z=-0.025), Max=(X=3730.870 Y=2020.504 Z=172.891) RuntimeGrid:None EditorOnly:0 RuntimeOnly:0 HLODRelevant:0
 |   |   |- Guid:C75774224DF646E12F192E809C7DDB19 BaseClass: NativeClass:/Script/Engine.SkeletalMeshActor Name:SkeletalMeshActor_UAID_B00CD162E1E7E03C02_1161545326 Label:Anim_Bodybuilding48 SpatiallyLoaded:1 Bounds:IsValid=true, Min=(X=2068.553 Y=3775.045 Z=0.873), Max=(X=2150.934 Y=3936.744 Z=89.407) RuntimeGrid:None EditorOnly:0 RuntimeOnly:0 HLODRelevant:0
 |   |   |- Guid:C939617F41E84F233A1B58BDFC2A5374 BaseClass: NativeClass:/Script/Engine.SkeletalMeshActor Name:SkeletalMeshActor_UAID_B00CD162E1E7E03C02_1259455337 Label:Anim_Stretching11 SpatiallyLoaded:1 Bounds:IsValid=true, Min=(X=4859.803 Y=949.350 Z=-7.465), Max=(X=4941.847 Y=1075.269 Z=72.075) RuntimeGrid:None EditorOnly:0 RuntimeOnly:0 HLODRelevant:0
 |   |   |- Guid:D126D75D480E9128F55F4397A304951C BaseClass: NativeClass:/Script/Engine.SkeletalMeshActor Name:SkeletalMeshActor_UAID_B00CD162E1E7E03C02_1156034324 Label:Anim_Bodybuilding46 SpatiallyLoaded:1 Bounds:IsValid=true, Min=(X=1465.839 Y=3836.203 Z=1.299), Max=(X=1553.988 Y=3924.199 Z=136.322) RuntimeGrid:None EditorOnly:0 RuntimeOnly:0 HLODRelevant:0
 |   |   |- Guid:D49AB43F4169E1FBA713FAA2E44EE774 BaseClass: NativeClass:/Script/Engine.SkeletalMeshActor Name:SkeletalMeshActor_UAID_B00CD162E1E7E03C02_1287648344 Label:Anim_Stretching18 SpatiallyLoaded:1 Bounds:IsValid=true, Min=(X=5267.960 Y=1469.416 Z=0.132), Max=(X=5337.105 Y=1525.796 Z=174.491) RuntimeGrid:None EditorOnly:0 RuntimeOnly:0 HLODRelevant:0
 |   |   |- Guid:D53D7DB145D59A08A5F57DA317DFAB08 BaseClass: NativeClass:/Script/Engine.SkeletalMeshActor Name:SkeletalMeshActor_UAID_B00CD162E1E7E03C02_1299834347 Label:Anim_Stretching21 SpatiallyLoaded:1 Bounds:IsValid=true, Min=(X=4047.653 Y=1980.437 Z=0.018), Max=(X=4150.917 Y=2016.875 Z=217.639) RuntimeGrid:None EditorOnly:0 RuntimeOnly:0 HLODRelevant:0
 |   |   |- Guid:D877C9834B561529145C788E4E8AAA3A BaseClass: NativeClass:/Script/Engine.SkeletalMeshActor Name:SkeletalMeshActor_UAID_B00CD162E1E7E03C02_1226277327 Label:Anim_Stretching01 SpatiallyLoaded:1 Bounds:IsValid=true, Min=(X=3262.232 Y=567.502 Z=-0.035), Max=(X=3347.748 Y=613.606 Z=178.622) RuntimeGrid:None EditorOnly:0 RuntimeOnly:0 HLODRelevant:0
 |   |   |- Guid:D940DE9448207B209A9AD1800B5D5F68 BaseClass: NativeClass:/Script/Engine.SkeletalMeshActor Name:SkeletalMeshActor_UAID_B00CD162E1E7E03C02_1120392314 Label:Anim_Bodybuilding36 SpatiallyLoaded:1 Bounds:IsValid=true, Min=(X=2065.112 Y=3030.615 Z=37.069), Max=(X=2134.934 Y=3070.757 Z=223.379) RuntimeGrid:None EditorOnly:0 RuntimeOnly:0 HLODRelevant:0
 |   |   |- Guid:DBE434C64FEF94A513AC8390D737F781 BaseClass: NativeClass:/Script/Engine.SkeletalMeshActor Name:SkeletalMeshActor_UAID_B00CD162E1E7DF3C02_2062080103 Label:Anim_Bodybuilding01 SpatiallyLoaded:1 Bounds:IsValid=true, Min=(X=569.904 Y=577.457 Z=-0.215), Max=(X=629.608 Y=665.988 Z=182.987) RuntimeGrid:None EditorOnly:0 RuntimeOnly:0 HLODRelevant:0
 |   |   |- Guid:DCB8CC314AFDBD2E1BAC32ACF3339C9B BaseClass: NativeClass:/Script/Engine.SkeletalMeshActor Name:SkeletalMeshActor_UAID_B00CD162E1E7E03C02_1262249338 Label:Anim_Stretching12 SpatiallyLoaded:1 Bounds:IsValid=true, Min=(X=5248.192 Y=949.370 Z=-7.691), Max=(X=5330.024 Y=1075.897 Z=71.921) RuntimeGrid:None EditorOnly:0 RuntimeOnly:0 HLODRelevant:0
 |   |   |- Guid:DD91E9024773C214A00C02A1AFC91A47 BaseClass: NativeClass:/Script/Engine.SkeletalMeshActor Name:SkeletalMeshActor_UAID_B00CD162E1E7E03C02_1273504340 Label:Anim_Stretching14 SpatiallyLoaded:1 Bounds:IsValid=true, Min=(X=3667.772 Y=1474.638 Z=-0.323), Max=(X=3731.375 Y=1542.859 Z=109.793) RuntimeGrid:None EditorOnly:0 RuntimeOnly:0 HLODRelevant:0
 |   |   |- Guid:E89B550C434147768B5E45B88157EEFE BaseClass: NativeClass:/Script/Engine.SkeletalMeshActor Name:SkeletalMeshActor_UAID_B00CD162E1E7E03C02_1086251305 Label:Anim_Bodybuilding27 SpatiallyLoaded:1 Bounds:IsValid=true, Min=(X=1170.591 Y=2373.695 Z=-4.559), Max=(X=1230.908 Y=2552.219 Z=44.525) RuntimeGrid:None EditorOnly:0 RuntimeOnly:0 HLODRelevant:0
 |   |   |- Guid:EB641FA34EE76E5DABFA298681107462 BaseClass: NativeClass:/Script/Engine.SkeletalMeshActor Name:SkeletalMeshActor_UAID_B00CD162E1E7E03C02_1325474354 Label:Anim_Stretching28 SpatiallyLoaded:1 Bounds:IsValid=true, Min=(X=4473.173 Y=2391.701 Z=-4.764), Max=(X=4519.930 Y=2545.803 Z=161.092) RuntimeGrid:None EditorOnly:0 RuntimeOnly:0 HLODRelevant:0
 |   |   |- Guid:ECBD91934F697E74708C9485B89596D1 BaseClass: NativeClass:/Script/Engine.SkyLight Name:SkyLight_UAID_B00CD162E1E7943C02_1319537904 Label:SkyLight SpatiallyLoaded:0 Bounds:IsValid=true, Min=(X=0.000 Y=0.000 Z=0.000), Max=(X=0.000 Y=0.000 Z=0.000) RuntimeGrid:None EditorOnly:0 RuntimeOnly:0 HLODRelevant:0
 |   |   |- Guid:F1924B8D48954B30891B2DB6A694F9CC BaseClass: NativeClass:/Script/Engine.StaticMeshActor Name:StaticMeshActor_1 Label:SM_Cube SpatiallyLoaded:1 Bounds:IsValid=true, Min=(X=0.000 Y=0.000 Z=-50.000), Max=(X=6000.000 Y=6000.000 Z=0.000) RuntimeGrid:None EditorOnly:0 RuntimeOnly:0 HLODRelevant:1 FolderPath:Playground FolderGuid:C73F09FC4215536B1DCE2A9E0A830C70
 |   |   |- Guid:F6CEE17A403F4828C10400995537B23B BaseClass: NativeClass:/Script/Engine.SkeletalMeshActor Name:SkeletalMeshActor_UAID_B00CD162E1E7E03C02_1104085309 Label:Anim_Bodybuilding31 SpatiallyLoaded:1 Bounds:IsValid=true, Min=(X=559.683 Y=2961.591 Z=42.010), Max=(X=641.801 Y=3039.305 Z=220.554) RuntimeGrid:None EditorOnly:0 RuntimeOnly:0 HLODRelevant:0
 |   |   |- Guid:F7E29A874E22FAEAFA88A9B43937A836 BaseClass: NativeClass:/Script/Engine.SkeletalMeshActor Name:SkeletalMeshActor_UAID_B00CD162E1E7DF3C02_2077662107 Label:Anim_Bodybuilding05 SpatiallyLoaded:1 Bounds:IsValid=true, Min=(X=1763.834 Y=567.727 Z=-0.711), Max=(X=1836.077 Y=606.559 Z=183.568) RuntimeGrid:None EditorOnly:0 RuntimeOnly:0 HLODRelevant:0
 |   |   |- Guid:FB00F79446E64AFE3BCD65A9E339F19E BaseClass: NativeClass:/Script/Engine.SkeletalMeshActor Name:SkeletalMeshActor_UAID_B00CD162E1E7DF3C02_2125225120 Label:Anim_Bodybuilding18 SpatiallyLoaded:1 Bounds:IsValid=true, Min=(X=2072.637 Y=1459.545 Z=-3.209), Max=(X=2149.714 Y=1551.075 Z=88.841) RuntimeGrid:None EditorOnly:0 RuntimeOnly:0 HLODRelevant:0
 |   |   |- Guid:FCA234F143D05E50784E3C80C79E26CE BaseClass: NativeClass:/Script/Engine.SkeletalMeshActor Name:SkeletalMeshActor_UAID_B00CD162E1E7DF3C02_2109855115 Label:Anim_Bodybuilding13 SpatiallyLoaded:1 Bounds:IsValid=true, Min=(X=564.856 Y=1498.111 Z=-0.546), Max=(X=634.429 Y=1546.409 Z=179.686) RuntimeGrid:None EditorOnly:0 RuntimeOnly:0 HLODRelevant:0
 |   |- [+] Clusters:
 |   |   |- [+] [  0]
 |   |   |   |- Guid:9F443CF344BE4E492B23408E1E848B9F BaseClass: NativeClass:/Script/Engine.VolumetricCloud Name:VolumetricCloud_UAID_B00CD162E1E7943C02_1321242907 Label:VolumetricCloud SpatiallyLoaded:0 Bounds:IsValid=true, Min=(X=0.000 Y=0.000 Z=0.000), Max=(X=0.000 Y=0.000 Z=0.000) RuntimeGrid:None EditorOnly:0 RuntimeOnly:0 HLODRelevant:0
 |   |   |- [+] [  1]
 |   |   |   |- Guid:5B97F4A64FB21F77EFC44386BF705B4C BaseClass: NativeClass:/Script/Engine.TextRenderActor Name:TextRenderActor_1 Label:TextRenderActor SpatiallyLoaded:1 Bounds:IsValid=true, Min=(X=-0.100 Y=1100.000 Z=65.013), Max=(X=-0.100 Y=2392.308 Z=215.013) RuntimeGrid:None EditorOnly:0 RuntimeOnly:0 HLODRelevant:0
 |   |   |- [+] [  2]
 |   |   |   |- Guid:6BAF4DDD444C60371492D3919DB42C97 BaseClass: NativeClass:/Script/Engine.WorldDataLayers Name:WorldDataLayers Label:WorldDataLayers SpatiallyLoaded:0 Bounds:IsValid=true, Min=(X=0.000 Y=0.000 Z=0.000), Max=(X=0.000 Y=0.000 Z=0.000) RuntimeGrid:None EditorOnly:0 RuntimeOnly:0 HLODRelevant:0
 |   |   |- [+] [  3]
 |   |   |   |- Guid:3A00AA1C422CE54C0BDB60BAF471BFBB BaseClass: NativeClass:/Script/Engine.PlayerStart Name:PlayerStart_0 Label:PlayerStart SpatiallyLoaded:0 Bounds:IsValid=true, Min=(X=860.000 Y=1070.000 Z=0.013), Max=(X=940.000 Y=1150.000 Z=184.013) RuntimeGrid:None EditorOnly:0 RuntimeOnly:0 HLODRelevant:0
 |   |   |- [+] [  4]
 |   |   |   |- Guid:921B540949D5BAD074390BBC51A90E33 BaseClass: NativeClass:/Script/Engine.ExponentialHeightFog Name:ExponentialHeightFog_UAID_B00CD162E1E7943C02_1314631903 Label:ExponentialHeightFog SpatiallyLoaded:0 Bounds:IsValid=true, Min=(X=0.000 Y=0.000 Z=0.000), Max=(X=0.000 Y=0.000 Z=0.000) RuntimeGrid:None EditorOnly:0 RuntimeOnly:0 HLODRelevant:0
 |   |   |- [+] [  5]
 |   |   |   |- Guid:ECBD91934F697E74708C9485B89596D1 BaseClass: NativeClass:/Script/Engine.SkyLight Name:SkyLight_UAID_B00CD162E1E7943C02_1319537904 Label:SkyLight SpatiallyLoaded:0 Bounds:IsValid=true, Min=(X=0.000 Y=0.000 Z=0.000), Max=(X=0.000 Y=0.000 Z=0.000) RuntimeGrid:None EditorOnly:0 RuntimeOnly:0 HLODRelevant:0
 |   |   |- [+] [  6]
 |   |   |   |- Guid:7C2A90924FCF55DEE1E91D923EE56324 BaseClass: NativeClass:/Script/Engine.SkyAtmosphere Name:SkyAtmosphere_UAID_B00CD162E1E7943C02_1320636906 Label:SkyAtmosphere SpatiallyLoaded:0 Bounds:IsValid=true, Min=(X=0.000 Y=0.000 Z=0.000), Max=(X=0.000 Y=0.000 Z=0.000) RuntimeGrid:None EditorOnly:0 RuntimeOnly:0 HLODRelevant:0
 |   |   |- [+] [  7]
 |   |   |   |- Guid:3CA92B2C44B17C0F5036308D8FBADAAB BaseClass: NativeClass:/Script/Engine.DirectionalLight Name:DirectionalLight_UAID_B00CD162E1E7943C02_1320165905 Label:DirectionalLight SpatiallyLoaded:0 Bounds:IsValid=true, Min=(X=-4398046511104.000 Y=-4398046511104.000 Z=-4398046511104.000), Max=(X=4398046511104.000 Y=4398046511104.000 Z=4398046511104.000) RuntimeGrid:None EditorOnly:0 RuntimeOnly:0 HLODRelevant:0
 |   |   |- [+] [  8]
 |   |   |   |- Guid:F1924B8D48954B30891B2DB6A694F9CC BaseClass: NativeClass:/Script/Engine.StaticMeshActor Name:StaticMeshActor_1 Label:SM_Cube SpatiallyLoaded:1 Bounds:IsValid=true, Min=(X=0.000 Y=0.000 Z=-50.000), Max=(X=6000.000 Y=6000.000 Z=0.000) RuntimeGrid:None EditorOnly:0 RuntimeOnly:0 HLODRelevant:1 FolderPath:Playground FolderGuid:C73F09FC4215536B1DCE2A9E0A830C70
 |   |   |- [+] [  9]
 |   |   |   |- Guid:DBE434C64FEF94A513AC8390D737F781 BaseClass: NativeClass:/Script/Engine.SkeletalMeshActor Name:SkeletalMeshActor_UAID_B00CD162E1E7DF3C02_2062080103 Label:Anim_Bodybuilding01 SpatiallyLoaded:1 Bounds:IsValid=true, Min=(X=569.904 Y=577.457 Z=-0.215), Max=(X=629.608 Y=665.988 Z=182.987) RuntimeGrid:None EditorOnly:0 RuntimeOnly:0 HLODRelevant:0
 |   |   |- [+] [ 10]
 |   |   |   |- Guid:0CEEDA62475BDB600A1951BE4B295307 BaseClass: NativeClass:/Script/Engine.SkeletalMeshActor Name:SkeletalMeshActor_UAID_B00CD162E1E7DF3C02_2065650104 Label:Anim_Bodybuilding02 SpatiallyLoaded:1 Bounds:IsValid=true, Min=(X=869.902 Y=587.351 Z=-0.210), Max=(X=929.601 Y=632.256 Z=182.982) RuntimeGrid:None EditorOnly:0 RuntimeOnly:0 HLODRelevant:0
 |   |   |- [+] [ 11]
 |   |   |   |- Guid:A33EB3E84125AD89E577C1BAC17E5AAA BaseClass: NativeClass:/Script/Engine.SkeletalMeshActor Name:SkeletalMeshActor_UAID_B00CD162E1E7DF3C02_2068846105 Label:Anim_Bodybuilding03 SpatiallyLoaded:1 Bounds:IsValid=true, Min=(X=1179.902 Y=577.351 Z=-0.210), Max=(X=1239.601 Y=622.256 Z=182.981) RuntimeGrid:None EditorOnly:0 RuntimeOnly:0 HLODRelevant:0
 |   |   |- [+] [ 12]
 |   |   |   |- Guid:3EA670D84FAAC3B9FFE1278BDDEE7B7B BaseClass: NativeClass:/Script/Engine.SkeletalMeshActor Name:SkeletalMeshActor_UAID_B00CD162E1E7DF3C02_2074680106 Label:Anim_Bodybuilding04 SpatiallyLoaded:1 Bounds:IsValid=true, Min=(X=1464.735 Y=581.453 Z=-0.182), Max=(X=1555.478 Y=616.982 Z=177.142) RuntimeGrid:None EditorOnly:0 RuntimeOnly:0 HLODRelevant:0
 |   |   |- [+] [ 13]
 |   |   |   |- Guid:F7E29A874E22FAEAFA88A9B43937A836 BaseClass: NativeClass:/Script/Engine.SkeletalMeshActor Name:SkeletalMeshActor_UAID_B00CD162E1E7DF3C02_2077662107 Label:Anim_Bodybuilding05 SpatiallyLoaded:1 Bounds:IsValid=true, Min=(X=1763.834 Y=567.727 Z=-0.711), Max=(X=1836.077 Y=606.559 Z=183.568) RuntimeGrid:None EditorOnly:0 RuntimeOnly:0 HLODRelevant:0
 |   |   |- [+] [ 14]
 |   |   |   |- Guid:14C2982145B2ACFFC0B31B9034E3C13C BaseClass: NativeClass:/Script/Engine.SkeletalMeshActor Name:SkeletalMeshActor_UAID_B00CD162E1E7DF3C02_2080574108 Label:Anim_Bodybuilding06 SpatiallyLoaded:1 Bounds:IsValid=true, Min=(X=2062.474 Y=580.215 Z=-0.411), Max=(X=2153.806 Y=622.111 Z=180.734) RuntimeGrid:None EditorOnly:0 RuntimeOnly:0 HLODRelevant:0
 |   |   |- [+] [ 15]
 |   |   |   |- Guid:026EEBA340B8BDD45C6C9FBCC3DDDD5F BaseClass: NativeClass:/Script/Engine.SkeletalMeshActor Name:SkeletalMeshActor_UAID_B00CD162E1E7DF3C02_2085980109 Label:Anim_Bodybuilding07 SpatiallyLoaded:1 Bounds:IsValid=true, Min=(X=572.889 Y=1071.969 Z=0.032), Max=(X=653.843 Y=1126.834 Z=181.087) RuntimeGrid:None EditorOnly:0 RuntimeOnly:0 HLODRelevant:0
 |   |   |- [+] [ 16]
 |   |   |   |- Guid:862717C443E41838FF550A82BBD8C551 BaseClass: NativeClass:/Script/Engine.SkeletalMeshActor Name:SkeletalMeshActor_UAID_B00CD162E1E7DF3C02_2089641110 Label:Anim_Bodybuilding08 SpatiallyLoaded:1 Bounds:IsValid=true, Min=(X=871.409 Y=1081.970 Z=0.032), Max=(X=948.692 Y=1141.171 Z=180.496) RuntimeGrid:None EditorOnly:0 RuntimeOnly:0 HLODRelevant:0
 |   |   |- [+] [ 17]
 |   |   |   |- Guid:0BF3BCBF4973721530C251B2AC877B6A BaseClass: NativeClass:/Script/Engine.SkeletalMeshActor Name:SkeletalMeshActor_UAID_B00CD162E1E7DF3C02_2092592111 Label:Anim_Bodybuilding09 SpatiallyLoaded:1 Bounds:IsValid=true, Min=(X=1159.806 Y=1071.567 Z=0.108), Max=(X=1240.986 Y=1112.844 Z=181.142) RuntimeGrid:None EditorOnly:0 RuntimeOnly:0 HLODRelevant:0
 |   |   |- [+] [ 18]
 |   |   |   |- Guid:BBA7B7F64A3F35404C389BB12E26BCD6 BaseClass: NativeClass:/Script/Engine.SkeletalMeshActor Name:SkeletalMeshActor_UAID_B00CD162E1E7DF3C02_2094841112 Label:Anim_Bodybuilding10 SpatiallyLoaded:1 Bounds:IsValid=true, Min=(X=1462.482 Y=1081.445 Z=0.079), Max=(X=1555.897 Y=1123.443 Z=173.434) RuntimeGrid:None EditorOnly:0 RuntimeOnly:0 HLODRelevant:0
 |   |   |- [+] [ 19]
 |   |   |   |- Guid:30EB89274E90990422E699AF1ABDE435 BaseClass: NativeClass:/Script/Engine.SkeletalMeshActor Name:SkeletalMeshActor_UAID_B00CD162E1E7DF3C02_2097407113 Label:Anim_Bodybuilding11 SpatiallyLoaded:1 Bounds:IsValid=true, Min=(X=1752.658 Y=1082.519 Z=0.008), Max=(X=1845.483 Y=1122.879 Z=179.932) RuntimeGrid:None EditorOnly:0 RuntimeOnly:0 HLODRelevant:0
 |   |   |- [+] [ 20]
 |   |   |   |- Guid:63E1AB4A42BA346F7D9F59B3A5090FF2 BaseClass: NativeClass:/Script/Engine.SkeletalMeshActor Name:SkeletalMeshActor_UAID_B00CD162E1E7DF3C02_2099786114 Label:Anim_Bodybuilding12 SpatiallyLoaded:1 Bounds:IsValid=true, Min=(X=2052.474 Y=1080.212 Z=-0.411), Max=(X=2143.806 Y=1122.108 Z=180.734) RuntimeGrid:None EditorOnly:0 RuntimeOnly:0 HLODRelevant:0
 |   |   |- [+] [ 21]
 |   |   |   |- Guid:FCA234F143D05E50784E3C80C79E26CE BaseClass: NativeClass:/Script/Engine.SkeletalMeshActor Name:SkeletalMeshActor_UAID_B00CD162E1E7DF3C02_2109855115 Label:Anim_Bodybuilding13 SpatiallyLoaded:1 Bounds:IsValid=true, Min=(X=564.856 Y=1498.111 Z=-0.546), Max=(X=634.429 Y=1546.409 Z=179.686) RuntimeGrid:None EditorOnly:0 RuntimeOnly:0 HLODRelevant:0
 |   |   |- [+] [ 22]
 |   |   |   |- Guid:03F82DCC4BAFB73947A5628971FCF6A4 BaseClass: NativeClass:/Script/Engine.SkeletalMeshActor Name:SkeletalMeshActor_UAID_B00CD162E1E7DF3C02_2114281116 Label:Anim_Bodybuilding14 SpatiallyLoaded:1 Bounds:IsValid=true, Min=(X=873.217 Y=1476.069 Z=-0.496), Max=(X=942.844 Y=1562.219 Z=144.448) RuntimeGrid:None EditorOnly:0 RuntimeOnly:0 HLODRelevant:0
 |   |   |- [+] [ 23]
 |   |   |   |- Guid:5DB3B6474F9850745685ADB33BCB2263 BaseClass: NativeClass:/Script/Engine.SkeletalMeshActor Name:SkeletalMeshActor_UAID_B00CD162E1E7DF3C02_2117232117 Label:Anim_Bodybuilding15 SpatiallyLoaded:1 Bounds:IsValid=true, Min=(X=1170.150 Y=1479.478 Z=-0.406), Max=(X=1248.227 Y=1521.175 Z=181.356) RuntimeGrid:None EditorOnly:0 RuntimeOnly:0 HLODRelevant:0
 |   |   |- [+] [ 24]
 |   |   |   |- Guid:C11C81754AEF3E71C9AD159EF9C7A1FA BaseClass: NativeClass:/Script/Engine.SkeletalMeshActor Name:SkeletalMeshActor_UAID_B00CD162E1E7DF3C02_2120147118 Label:Anim_Bodybuilding16 SpatiallyLoaded:1 Bounds:IsValid=true, Min=(X=1465.233 Y=1481.375 Z=-0.276), Max=(X=1534.861 Y=1572.869 Z=131.788) RuntimeGrid:None EditorOnly:0 RuntimeOnly:0 HLODRelevant:0
 |   |   |- [+] [ 25]
 |   |   |   |- Guid:18FF19884D801E1AAD4260989E86D627 BaseClass: NativeClass:/Script/Engine.SkeletalMeshActor Name:SkeletalMeshActor_UAID_B00CD162E1E7DF3C02_2122397119 Label:Anim_Bodybuilding17 SpatiallyLoaded:1 Bounds:IsValid=true, Min=(X=1779.572 Y=1436.716 Z=-3.207), Max=(X=1839.476 Y=1528.896 Z=88.830) RuntimeGrid:None EditorOnly:0 RuntimeOnly:0 HLODRelevant:0
 |   |   |- [+] [ 26]
 |   |   |   |- Guid:FB00F79446E64AFE3BCD65A9E339F19E BaseClass: NativeClass:/Script/Engine.SkeletalMeshActor Name:SkeletalMeshActor_UAID_B00CD162E1E7DF3C02_2125225120 Label:Anim_Bodybuilding18 SpatiallyLoaded:1 Bounds:IsValid=true, Min=(X=2072.637 Y=1459.545 Z=-3.209), Max=(X=2149.714 Y=1551.075 Z=88.841) RuntimeGrid:None EditorOnly:0 RuntimeOnly:0 HLODRelevant:0
 |   |   |- [+] [ 27]
 |   |   |   |- Guid:7C753B594C2C28C57571158738CB94A6 BaseClass: NativeClass:/Script/Engine.SkeletalMeshActor Name:SkeletalMeshActor_UAID_B00CD162E1E7DF3C02_2131247121 Label:Anim_Bodybuilding19 SpatiallyLoaded:1 Bounds:IsValid=true, Min=(X=562.607 Y=1961.051 Z=-3.241), Max=(X=639.647 Y=2051.089 Z=86.494) RuntimeGrid:None EditorOnly:0 RuntimeOnly:0 HLODRelevant:0
 |   |   |- [+] [ 28]
 |   |   |   |- Guid:537124C949059A8AC882EF97234FA0D9 BaseClass: NativeClass:/Script/Engine.SkeletalMeshActor Name:SkeletalMeshActor_UAID_B00CD162E1E7DF3C02_2134782122 Label:Anim_Bodybuilding20 SpatiallyLoaded:1 Bounds:IsValid=true, Min=(X=861.794 Y=1919.245 Z=-5.152), Max=(X=938.765 Y=2095.967 Z=49.185) RuntimeGrid:None EditorOnly:0 RuntimeOnly:0 HLODRelevant:0
 |   |   |- [+] [ 29]
 |   |   |   |- Guid:5DA68DCA4BC1D8A3F040ABB6D69B2444 BaseClass: NativeClass:/Script/Engine.SkeletalMeshActor Name:SkeletalMeshActor_UAID_B00CD162E1E7DF3C02_2137404123 Label:Anim_Bodybuilding21 SpatiallyLoaded:1 Bounds:IsValid=true, Min=(X=1165.697 Y=1919.244 Z=-5.237), Max=(X=1234.833 Y=2095.965 Z=49.189) RuntimeGrid:None EditorOnly:0 RuntimeOnly:0 HLODRelevant:0
 |   |   |- [+] [ 30]
 |   |   |   |- Guid:2E0B1A6143F85D57EF275FBAEAC96B26 BaseClass: NativeClass:/Script/Engine.SkeletalMeshActor Name:SkeletalMeshActor_UAID_B00CD162E1E7DF3C02_2140146124 Label:Anim_Bodybuilding22 SpatiallyLoaded:1 Bounds:IsValid=true, Min=(X=1455.026 Y=1930.181 Z=-4.800), Max=(X=1543.637 Y=2107.495 Z=57.020) RuntimeGrid:None EditorOnly:0 RuntimeOnly:0 HLODRelevant:0
 |   |   |- [+] [ 31]
 |   |   |   |- Guid:27D6505D4835D767C11CC8B4352E3408 BaseClass: NativeClass:/Script/Engine.SkeletalMeshActor Name:SkeletalMeshActor_UAID_B00CD162E1E7DF3C02_2142685125 Label:Anim_Bodybuilding23 SpatiallyLoaded:1 Bounds:IsValid=true, Min=(X=1756.343 Y=1910.187 Z=-4.821), Max=(X=1844.977 Y=2087.505 Z=56.898) RuntimeGrid:None EditorOnly:0 RuntimeOnly:0 HLODRelevant:0
 |   |   |- [+] [ 32]
 |   |   |   |- Guid:788F0F384138A1DDA7A42BA4D4B2136F BaseClass: NativeClass:/Script/Engine.SkeletalMeshActor Name:SkeletalMeshActor_UAID_B00CD162E1E7DF3C02_2145202126 Label:Anim_Bodybuilding24 SpatiallyLoaded:1 Bounds:IsValid=true, Min=(X=2072.349 Y=1904.416 Z=-4.732), Max=(X=2147.744 Y=2083.494 Z=39.708) RuntimeGrid:None EditorOnly:0 RuntimeOnly:0 HLODRelevant:0
 |   |   |- [+] [ 33]
 |   |   |   |- Guid:B0F0A94C40FCFA365429B793237C6241 BaseClass: NativeClass:/Script/Engine.SkeletalMeshActor Name:SkeletalMeshActor_UAID_B00CD162E1E7E03C02_1080973303 Label:Anim_Bodybuilding25 SpatiallyLoaded:1 Bounds:IsValid=true, Min=(X=559.590 Y=2371.404 Z=-5.608), Max=(X=620.120 Y=2541.537 Z=73.269) RuntimeGrid:None EditorOnly:0 RuntimeOnly:0 HLODRelevant:0
 |   |   |- [+] [ 34]
 |   |   |   |- Guid:AA02DE1349E5A74FC120038AEBE43457 BaseClass: NativeClass:/Script/Engine.SkeletalMeshActor Name:SkeletalMeshActor_UAID_B00CD162E1E7E03C02_1083344304 Label:Anim_Bodybuilding26 SpatiallyLoaded:1 Bounds:IsValid=true, Min=(X=863.598 Y=2465.545 Z=1.596), Max=(X=937.438 Y=2519.837 Z=198.447) RuntimeGrid:None EditorOnly:0 RuntimeOnly:0 HLODRelevant:0
 |   |   |- [+] [ 35]
 |   |   |   |- Guid:E89B550C434147768B5E45B88157EEFE BaseClass: NativeClass:/Script/Engine.SkeletalMeshActor Name:SkeletalMeshActor_UAID_B00CD162E1E7E03C02_1086251305 Label:Anim_Bodybuilding27 SpatiallyLoaded:1 Bounds:IsValid=true, Min=(X=1170.591 Y=2373.695 Z=-4.559), Max=(X=1230.908 Y=2552.219 Z=44.525) RuntimeGrid:None EditorOnly:0 RuntimeOnly:0 HLODRelevant:0
 |   |   |- [+] [ 36]
 |   |   |   |- Guid:4A8C05D64F4D905C1E85C5971446311D BaseClass: NativeClass:/Script/Engine.SkeletalMeshActor Name:SkeletalMeshActor_UAID_B00CD162E1E7E03C02_1089176306 Label:Anim_Bodybuilding28 SpatiallyLoaded:1 Bounds:IsValid=true, Min=(X=1458.418 Y=2388.499 Z=-2.655), Max=(X=1530.125 Y=2536.520 Z=82.745) RuntimeGrid:None EditorOnly:0 RuntimeOnly:0 HLODRelevant:0
 |   |   |- [+] [ 37]
 |   |   |   |- Guid:088FA5DF4839853EECC9038BA797D2C0 BaseClass: NativeClass:/Script/Engine.SkeletalMeshActor Name:SkeletalMeshActor_UAID_B00CD162E1E7E03C02_1091729307 Label:Anim_Bodybuilding29 SpatiallyLoaded:1 Bounds:IsValid=true, Min=(X=1789.443 Y=2380.356 Z=-4.662), Max=(X=1849.379 Y=2562.755 Z=89.077) RuntimeGrid:None EditorOnly:0 RuntimeOnly:0 HLODRelevant:0
 |   |   |- [+] [ 38]
 |   |   |   |- Guid:0A589FCF4183B6E2CE552EA9EF90246F BaseClass: NativeClass:/Script/Engine.SkeletalMeshActor Name:SkeletalMeshActor_UAID_B00CD162E1E7E03C02_1094325308 Label:Anim_Bodybuilding30 SpatiallyLoaded:1 Bounds:IsValid=true, Min=(X=2039.706 Y=2495.061 Z=43.375), Max=(X=2121.793 Y=2555.605 Z=174.175) RuntimeGrid:None EditorOnly:0 RuntimeOnly:0 HLODRelevant:0
 |   |   |- [+] [ 39]
 |   |   |   |- Guid:F6CEE17A403F4828C10400995537B23B BaseClass: NativeClass:/Script/Engine.SkeletalMeshActor Name:SkeletalMeshActor_UAID_B00CD162E1E7E03C02_1104085309 Label:Anim_Bodybuilding31 SpatiallyLoaded:1 Bounds:IsValid=true, Min=(X=559.683 Y=2961.591 Z=42.010), Max=(X=641.801 Y=3039.305 Z=220.554) RuntimeGrid:None EditorOnly:0 RuntimeOnly:0 HLODRelevant:0
 |   |   |- [+] [ 40]
 |   |   |   |- Guid:4D0B5FA64CEDE8D01DBF1AB2F6210FDC BaseClass: NativeClass:/Script/Engine.SkeletalMeshActor Name:SkeletalMeshActor_UAID_B00CD162E1E7E03C02_1107947310 Label:Anim_Bodybuilding32 SpatiallyLoaded:1 Bounds:IsValid=true, Min=(X=865.592 Y=2987.664 Z=42.141), Max=(X=934.411 Y=3039.030 Z=222.689) RuntimeGrid:None EditorOnly:0 RuntimeOnly:0 HLODRelevant:0
 |   |   |- [+] [ 41]
 |   |   |   |- Guid:4F3BC9FF4728656F9B61DD80A6863F5B BaseClass: NativeClass:/Script/Engine.SkeletalMeshActor Name:SkeletalMeshActor_UAID_B00CD162E1E7E03C02_1111247311 Label:Anim_Bodybuilding33 SpatiallyLoaded:1 Bounds:IsValid=true, Min=(X=1172.092 Y=2987.668 Z=42.142), Max=(X=1228.256 Y=3039.034 Z=222.690) RuntimeGrid:None EditorOnly:0 RuntimeOnly:0 HLODRelevant:0
 |   |   |- [+] [ 42]
 |   |   |   |- Guid:9A8003284352285B4D9F73A6C6D9C965 BaseClass: NativeClass:/Script/Engine.SkeletalMeshActor Name:SkeletalMeshActor_UAID_B00CD162E1E7E03C02_1113912312 Label:Anim_Bodybuilding34 SpatiallyLoaded:1 Bounds:IsValid=true, Min=(X=1459.671 Y=2949.894 Z=20.564), Max=(X=1541.797 Y=3038.907 Z=197.042) RuntimeGrid:None EditorOnly:0 RuntimeOnly:0 HLODRelevant:0
 |   |   |- [+] [ 43]
 |   |   |   |- Guid:4BF551DA489BD48F4AB410A304745FFD BaseClass: NativeClass:/Script/Engine.SkeletalMeshActor Name:SkeletalMeshActor_UAID_B00CD162E1E7E03C02_1116505313 Label:Anim_Bodybuilding35 SpatiallyLoaded:1 Bounds:IsValid=true, Min=(X=1759.686 Y=2984.266 Z=42.000), Max=(X=1841.798 Y=3025.458 Z=226.002) RuntimeGrid:None EditorOnly:0 RuntimeOnly:0 HLODRelevant:0
 |   |   |- [+] [ 44]
 |   |   |   |- Guid:D940DE9448207B209A9AD1800B5D5F68 BaseClass: NativeClass:/Script/Engine.SkeletalMeshActor Name:SkeletalMeshActor_UAID_B00CD162E1E7E03C02_1120392314 Label:Anim_Bodybuilding36 SpatiallyLoaded:1 Bounds:IsValid=true, Min=(X=2065.112 Y=3030.615 Z=37.069), Max=(X=2134.934 Y=3070.757 Z=223.379) RuntimeGrid:None EditorOnly:0 RuntimeOnly:0 HLODRelevant:0
 |   |   |- [+] [ 45]
 |   |   |   |- Guid:0F176EA449B37815A8890AA84AF49989 BaseClass: NativeClass:/Script/Engine.SkeletalMeshActor Name:SkeletalMeshActor_UAID_B00CD162E1E7E03C02_1127607315 Label:Anim_Bodybuilding37 SpatiallyLoaded:1 Bounds:IsValid=true, Min=(X=567.660 Y=3382.901 Z=36.525), Max=(X=633.244 Y=3414.895 Z=254.897) RuntimeGrid:None EditorOnly:0 RuntimeOnly:0 HLODRelevant:0
 |   |   |- [+] [ 46]
 |   |   |   |- Guid:A38371BC4EEFE9F45B3CD0B42123855E BaseClass: NativeClass:/Script/Engine.SkeletalMeshActor Name:SkeletalMeshActor_UAID_B00CD162E1E7E03C02_1130052316 Label:Anim_Bodybuilding38 SpatiallyLoaded:1 Bounds:IsValid=true, Min=(X=867.685 Y=3372.344 Z=127.402), Max=(X=933.237 Y=3489.201 Z=254.904) RuntimeGrid:None EditorOnly:0 RuntimeOnly:0 HLODRelevant:0
 |   |   |- [+] [ 47]
 |   |   |   |- Guid:4973E7004BBC4BE68D5FA88B28B1BB65 BaseClass: NativeClass:/Script/Engine.SkeletalMeshActor Name:SkeletalMeshActor_UAID_B00CD162E1E7E03C02_1132808317 Label:Anim_Bodybuilding39 SpatiallyLoaded:1 Bounds:IsValid=true, Min=(X=1161.360 Y=3377.358 Z=49.285), Max=(X=1239.949 Y=3432.525 Z=257.525) RuntimeGrid:None EditorOnly:0 RuntimeOnly:0 HLODRelevant:0
 |   |   |- [+] [ 48]
 |   |   |   |- Guid:1F87F3A74DA452BDA013B1A54F3B1CF4 BaseClass: NativeClass:/Script/Engine.SkeletalMeshActor Name:SkeletalMeshActor_UAID_B00CD162E1E7E03C02_1135199318 Label:Anim_Bodybuilding40 SpatiallyLoaded:1 Bounds:IsValid=true, Min=(X=1461.348 Y=3377.376 Z=134.193), Max=(X=1539.940 Y=3504.197 Z=257.514) RuntimeGrid:None EditorOnly:0 RuntimeOnly:0 HLODRelevant:0
 |   |   |- [+] [ 49]
 |   |   |   |- Guid:BC53B5484B5FC4571D88F6B629880ED9 BaseClass: NativeClass:/Script/Engine.SkeletalMeshActor Name:SkeletalMeshActor_UAID_B00CD162E1E7E03C02_1138227319 Label:Anim_Bodybuilding41 SpatiallyLoaded:1 Bounds:IsValid=true, Min=(X=1776.317 Y=3375.367 Z=175.639), Max=(X=1843.648 Y=3560.108 Z=259.246) RuntimeGrid:None EditorOnly:0 RuntimeOnly:0 HLODRelevant:0
 |   |   |- [+] [ 50]
 |   |   |   |- Guid:B8E505D4469759F76B00A9B38BE58AF0 BaseClass: NativeClass:/Script/Engine.SkeletalMeshActor Name:SkeletalMeshActor_UAID_B00CD162E1E7E03C02_1142412320 Label:Anim_Bodybuilding42 SpatiallyLoaded:1 Bounds:IsValid=true, Min=(X=2071.278 Y=3354.768 Z=174.431), Max=(X=2150.091 Y=3534.490 Z=260.309) RuntimeGrid:None EditorOnly:0 RuntimeOnly:0 HLODRelevant:0
 |   |   |- [+] [ 51]
 |   |   |   |- Guid:3D0C8A42460EB219C17CEC93CA4E5826 BaseClass: NativeClass:/Script/Engine.SkeletalMeshActor Name:SkeletalMeshActor_UAID_B00CD162E1E7E03C02_1147519321 Label:Anim_Bodybuilding43 SpatiallyLoaded:1 Bounds:IsValid=true, Min=(X=534.016 Y=3825.753 Z=1.314), Max=(X=644.580 Y=3915.158 Z=135.976) RuntimeGrid:None EditorOnly:0 RuntimeOnly:0 HLODRelevant:0
 |   |   |- [+] [ 52]
 |   |   |   |- Guid:0EF559BE47CB07B7B907F2BDCA21F0B3 BaseClass: NativeClass:/Script/Engine.SkeletalMeshActor Name:SkeletalMeshActor_UAID_B00CD162E1E7E03C02_1149885322 Label:Anim_Bodybuilding44 SpatiallyLoaded:1 Bounds:IsValid=true, Min=(X=843.981 Y=3835.418 Z=1.272), Max=(X=934.745 Y=3925.255 Z=135.933) RuntimeGrid:None EditorOnly:0 RuntimeOnly:0 HLODRelevant:0
 |   |   |- [+] [ 53]
 |   |   |   |- Guid:1D8A83F149DF7E648304319CE42B9C6F BaseClass: NativeClass:/Script/Engine.SkeletalMeshActor Name:SkeletalMeshActor_UAID_B00CD162E1E7E03C02_1152787323 Label:Anim_Bodybuilding45 SpatiallyLoaded:1 Bounds:IsValid=true, Min=(X=1156.551 Y=3825.417 Z=1.272), Max=(X=1233.476 Y=3915.255 Z=135.847) RuntimeGrid:None EditorOnly:0 RuntimeOnly:0 HLODRelevant:0
 |   |   |- [+] [ 54]
 |   |   |   |- Guid:D126D75D480E9128F55F4397A304951C BaseClass: NativeClass:/Script/Engine.SkeletalMeshActor Name:SkeletalMeshActor_UAID_B00CD162E1E7E03C02_1156034324 Label:Anim_Bodybuilding46 SpatiallyLoaded:1 Bounds:IsValid=true, Min=(X=1465.839 Y=3836.203 Z=1.299), Max=(X=1553.988 Y=3924.199 Z=136.322) RuntimeGrid:None EditorOnly:0 RuntimeOnly:0 HLODRelevant:0
 |   |   |- [+] [ 55]
 |   |   |   |- Guid:31EA2F33484C63A9F8804F8FDFDB2DEA BaseClass: NativeClass:/Script/Engine.SkeletalMeshActor Name:SkeletalMeshActor_UAID_B00CD162E1E7E03C02_1158688325 Label:Anim_Bodybuilding47 SpatiallyLoaded:1 Bounds:IsValid=true, Min=(X=1767.364 Y=3846.203 Z=1.297), Max=(X=1852.529 Y=3934.201 Z=136.322) RuntimeGrid:None EditorOnly:0 RuntimeOnly:0 HLODRelevant:0
 |   |   |- [+] [ 56]
 |   |   |   |- Guid:C75774224DF646E12F192E809C7DDB19 BaseClass: NativeClass:/Script/Engine.SkeletalMeshActor Name:SkeletalMeshActor_UAID_B00CD162E1E7E03C02_1161545326 Label:Anim_Bodybuilding48 SpatiallyLoaded:1 Bounds:IsValid=true, Min=(X=2068.553 Y=3775.045 Z=0.873), Max=(X=2150.934 Y=3936.744 Z=89.407) RuntimeGrid:None EditorOnly:0 RuntimeOnly:0 HLODRelevant:0
 |   |   |- [+] [ 57]
 |   |   |   |- Guid:D877C9834B561529145C788E4E8AAA3A BaseClass: NativeClass:/Script/Engine.SkeletalMeshActor Name:SkeletalMeshActor_UAID_B00CD162E1E7E03C02_1226277327 Label:Anim_Stretching01 SpatiallyLoaded:1 Bounds:IsValid=true, Min=(X=3262.232 Y=567.502 Z=-0.035), Max=(X=3347.748 Y=613.606 Z=178.622) RuntimeGrid:None EditorOnly:0 RuntimeOnly:0 HLODRelevant:0
 |   |   |- [+] [ 58]
 |   |   |   |- Guid:6D6DA8424019A9F96B49EFBB5A103D0A BaseClass: NativeClass:/Script/Engine.SkeletalMeshActor Name:SkeletalMeshActor_UAID_B00CD162E1E7E03C02_1230874328 Label:Anim_Stretching02 SpatiallyLoaded:1 Bounds:IsValid=true, Min=(X=3650.485 Y=575.379 Z=-2.039), Max=(X=3752.237 Y=636.089 Z=115.434) RuntimeGrid:None EditorOnly:0 RuntimeOnly:0 HLODRelevant:0
 |   |   |- [+] [ 59]
 |   |   |   |- Guid:51DE5A454911E3FDAA388AAA8B445F97 BaseClass: NativeClass:/Script/Engine.SkeletalMeshActor Name:SkeletalMeshActor_UAID_B00CD162E1E7E03C02_1233617329 Label:Anim_Stretching03 SpatiallyLoaded:1 Bounds:IsValid=true, Min=(X=4050.485 Y=575.379 Z=-2.039), Max=(X=4152.237 Y=636.089 Z=115.434) RuntimeGrid:None EditorOnly:0 RuntimeOnly:0 HLODRelevant:0
 |   |   |- [+] [ 60]
 |   |   |   |- Guid:7B2C73DB43B5504E41F2CD8CE6896AB7 BaseClass: NativeClass:/Script/Engine.SkeletalMeshActor Name:SkeletalMeshActor_UAID_B00CD162E1E7E03C02_1237436330 Label:Anim_Stretching04 SpatiallyLoaded:1 Bounds:IsValid=true, Min=(X=4460.874 Y=565.228 Z=-10.573), Max=(X=4539.652 Y=636.318 Z=115.374) RuntimeGrid:None EditorOnly:0 RuntimeOnly:0 HLODRelevant:0
 |   |   |- [+] [ 61]
 |   |   |   |- Guid:AC789324471A3927F7EDB29F34379A75 BaseClass: NativeClass:/Script/Engine.SkeletalMeshActor Name:SkeletalMeshActor_UAID_B00CD162E1E7E03C02_1240143331 Label:Anim_Stretching05 SpatiallyLoaded:1 Bounds:IsValid=true, Min=(X=4866.879 Y=557.223 Z=1.006), Max=(X=4931.915 Y=689.722 Z=119.807) RuntimeGrid:None EditorOnly:0 RuntimeOnly:0 HLODRelevant:0
 |   |   |- [+] [ 62]
 |   |   |   |- Guid:79BE6E304DB4583914AAE093B911544C BaseClass: NativeClass:/Script/Engine.SkeletalMeshActor Name:SkeletalMeshActor_UAID_B00CD162E1E7E03C02_1243472332 Label:Anim_Stretching06 SpatiallyLoaded:1 Bounds:IsValid=true, Min=(X=5268.041 Y=558.294 Z=-7.038), Max=(X=5333.411 Y=694.760 Z=48.682) RuntimeGrid:None EditorOnly:0 RuntimeOnly:0 HLODRelevant:0
 |   |   |- [+] [ 63]
 |   |   |   |- Guid:7FA76E124B34D820F59367AE2C3EB1C6 BaseClass: NativeClass:/Script/Engine.SkeletalMeshActor Name:SkeletalMeshActor_UAID_B00CD162E1E7E03C02_1248309333 Label:Anim_Stretching07 SpatiallyLoaded:1 Bounds:IsValid=true, Min=(X=3272.386 Y=887.582 Z=-5.124), Max=(X=3324.954 Y=1063.203 Z=75.471) RuntimeGrid:None EditorOnly:0 RuntimeOnly:0 HLODRelevant:0
 |   |   |- [+] [ 64]
 |   |   |   |- Guid:59E5234C4B1F56756B20B2A0EF16D996 BaseClass: NativeClass:/Script/Engine.SkeletalMeshActor Name:SkeletalMeshActor_UAID_B00CD162E1E7E03C02_1251442334 Label:Anim_Stretching08 SpatiallyLoaded:1 Bounds:IsValid=true, Min=(X=3685.030 Y=887.588 Z=-4.955), Max=(X=3737.833 Y=1063.205 Z=75.556) RuntimeGrid:None EditorOnly:0 RuntimeOnly:0 HLODRelevant:0
 |   |   |- [+] [ 65]
 |   |   |   |- Guid:0F8F1D6347B8ED6A873ABBB492DA0AAE BaseClass: NativeClass:/Script/Engine.SkeletalMeshActor Name:SkeletalMeshActor_UAID_B00CD162E1E7E03C02_1253792335 Label:Anim_Stretching09 SpatiallyLoaded:1 Bounds:IsValid=true, Min=(X=4070.060 Y=911.344 Z=-7.239), Max=(X=4124.818 Y=1066.195 Z=129.925) RuntimeGrid:None EditorOnly:0 RuntimeOnly:0 HLODRelevant:0
 |   |   |- [+] [ 66]
 |   |   |   |- Guid:26064B264582E2DE30CFC3BBB4FA0825 BaseClass: NativeClass:/Script/Engine.SkeletalMeshActor Name:SkeletalMeshActor_UAID_B00CD162E1E7E03C02_1256091336 Label:Anim_Stretching10 SpatiallyLoaded:1 Bounds:IsValid=true, Min=(X=4475.167 Y=921.330 Z=-7.228), Max=(X=4530.301 Y=1076.209 Z=129.915) RuntimeGrid:None EditorOnly:0 RuntimeOnly:0 HLODRelevant:0
 |   |   |- [+] [ 67]
 |   |   |   |- Guid:C939617F41E84F233A1B58BDFC2A5374 BaseClass: NativeClass:/Script/Engine.SkeletalMeshActor Name:SkeletalMeshActor_UAID_B00CD162E1E7E03C02_1259455337 Label:Anim_Stretching11 SpatiallyLoaded:1 Bounds:IsValid=true, Min=(X=4859.803 Y=949.350 Z=-7.465), Max=(X=4941.847 Y=1075.269 Z=72.075) RuntimeGrid:None EditorOnly:0 RuntimeOnly:0 HLODRelevant:0
 |   |   |- [+] [ 68]
 |   |   |   |- Guid:DCB8CC314AFDBD2E1BAC32ACF3339C9B BaseClass: NativeClass:/Script/Engine.SkeletalMeshActor Name:SkeletalMeshActor_UAID_B00CD162E1E7E03C02_1262249338 Label:Anim_Stretching12 SpatiallyLoaded:1 Bounds:IsValid=true, Min=(X=5248.192 Y=949.370 Z=-7.691), Max=(X=5330.024 Y=1075.897 Z=71.921) RuntimeGrid:None EditorOnly:0 RuntimeOnly:0 HLODRelevant:0
 |   |   |- [+] [ 69]
 |   |   |   |- Guid:9EB82ED546BCE63879CD33AAAE87FCC0 BaseClass: NativeClass:/Script/Engine.SkeletalMeshActor Name:SkeletalMeshActor_UAID_B00CD162E1E7E03C02_1270397339 Label:Anim_Stretching13 SpatiallyLoaded:1 Bounds:IsValid=true, Min=(X=3275.097 Y=1481.579 Z=-0.148), Max=(X=3325.272 Y=1519.105 Z=217.666) RuntimeGrid:None EditorOnly:0 RuntimeOnly:0 HLODRelevant:0
 |   |   |- [+] [ 70]
 |   |   |   |- Guid:DD91E9024773C214A00C02A1AFC91A47 BaseClass: NativeClass:/Script/Engine.SkeletalMeshActor Name:SkeletalMeshActor_UAID_B00CD162E1E7E03C02_1273504340 Label:Anim_Stretching14 SpatiallyLoaded:1 Bounds:IsValid=true, Min=(X=3667.772 Y=1474.638 Z=-0.323), Max=(X=3731.375 Y=1542.859 Z=109.793) RuntimeGrid:None EditorOnly:0 RuntimeOnly:0 HLODRelevant:0
 |   |   |- [+] [ 71]
 |   |   |   |- Guid:997571C1451B30036A7AD78AFE4523A5 BaseClass: NativeClass:/Script/Engine.SkeletalMeshActor Name:SkeletalMeshActor_UAID_B00CD162E1E7E03C02_1277013341 Label:Anim_Stretching15 SpatiallyLoaded:1 Bounds:IsValid=true, Min=(X=4030.330 Y=1463.613 Z=-2.469), Max=(X=4124.815 Y=1595.475 Z=92.767) RuntimeGrid:None EditorOnly:0 RuntimeOnly:0 HLODRelevant:0
 |   |   |- [+] [ 72]
 |   |   |   |- Guid:7A06CA384C76B5D68BE79E8356208F0D BaseClass: NativeClass:/Script/Engine.SkeletalMeshActor Name:SkeletalMeshActor_UAID_B00CD162E1E7E03C02_1279795342 Label:Anim_Stretching16 SpatiallyLoaded:1 Bounds:IsValid=true, Min=(X=4475.276 Y=1463.410 Z=-2.564), Max=(X=4569.756 Y=1595.488 Z=92.760) RuntimeGrid:None EditorOnly:0 RuntimeOnly:0 HLODRelevant:0
 |   |   |- [+] [ 73]
 |   |   |   |- Guid:81D5D61644D6DF9C1AE58DB937E80DBE BaseClass: NativeClass:/Script/Engine.SkeletalMeshActor Name:SkeletalMeshActor_UAID_B00CD162E1E7E03C02_1284863343 Label:Anim_Stretching17 SpatiallyLoaded:1 Bounds:IsValid=true, Min=(X=4851.405 Y=1479.009 Z=0.931), Max=(X=4948.674 Y=1543.539 Z=174.824) RuntimeGrid:None EditorOnly:0 RuntimeOnly:0 HLODRelevant:0
 |   |   |- [+] [ 74]
 |   |   |   |- Guid:D49AB43F4169E1FBA713FAA2E44EE774 BaseClass: NativeClass:/Script/Engine.SkeletalMeshActor Name:SkeletalMeshActor_UAID_B00CD162E1E7E03C02_1287648344 Label:Anim_Stretching18 SpatiallyLoaded:1 Bounds:IsValid=true, Min=(X=5267.960 Y=1469.416 Z=0.132), Max=(X=5337.105 Y=1525.796 Z=174.491) RuntimeGrid:None EditorOnly:0 RuntimeOnly:0 HLODRelevant:0
 |   |   |- [+] [ 75]
 |   |   |   |- Guid:675CF734493F3B9B640F7284BEFAF2F4 BaseClass: NativeClass:/Script/Engine.SkeletalMeshActor Name:SkeletalMeshActor_UAID_B00CD162E1E7E03C02_1293713345 Label:Anim_Stretching19 SpatiallyLoaded:1 Bounds:IsValid=true, Min=(X=3262.895 Y=1979.367 Z=0.126), Max=(X=3332.039 Y=2035.796 Z=174.491) RuntimeGrid:None EditorOnly:0 RuntimeOnly:0 HLODRelevant:0
 |   |   |- [+] [ 76]
 |   |   |   |- Guid:C5DAF6904D0CC645C2AFCFA28AF4DA94 BaseClass: NativeClass:/Script/Engine.SkeletalMeshActor Name:SkeletalMeshActor_UAID_B00CD162E1E7E03C02_1297003346 Label:Anim_Stretching20 SpatiallyLoaded:1 Bounds:IsValid=true, Min=(X=3668.856 Y=1980.573 Z=-0.025), Max=(X=3730.870 Y=2020.504 Z=172.891) RuntimeGrid:None EditorOnly:0 RuntimeOnly:0 HLODRelevant:0
 |   |   |- [+] [ 77]
 |   |   |   |- Guid:D53D7DB145D59A08A5F57DA317DFAB08 BaseClass: NativeClass:/Script/Engine.SkeletalMeshActor Name:SkeletalMeshActor_UAID_B00CD162E1E7E03C02_1299834347 Label:Anim_Stretching21 SpatiallyLoaded:1 Bounds:IsValid=true, Min=(X=4047.653 Y=1980.437 Z=0.018), Max=(X=4150.917 Y=2016.875 Z=217.639) RuntimeGrid:None EditorOnly:0 RuntimeOnly:0 HLODRelevant:0
 |   |   |- [+] [ 78]
 |   |   |   |- Guid:97ACADD94FA5293963277793CB4F2AD7 BaseClass: NativeClass:/Script/Engine.SkeletalMeshActor Name:SkeletalMeshActor_UAID_B00CD162E1E7E03C02_1303313348 Label:Anim_Stretching22 SpatiallyLoaded:1 Bounds:IsValid=true, Min=(X=4447.653 Y=1990.437 Z=0.016), Max=(X=4550.917 Y=2026.876 Z=217.638) RuntimeGrid:None EditorOnly:0 RuntimeOnly:0 HLODRelevant:0
 |   |   |- [+] [ 79]
 |   |   |   |- Guid:003348C64949F17ADF58869E3E2E86FC BaseClass: NativeClass:/Script/Engine.SkeletalMeshActor Name:SkeletalMeshActor_UAID_B00CD162E1E7E03C02_1305756349 Label:Anim_Stretching23 SpatiallyLoaded:1 Bounds:IsValid=true, Min=(X=4867.234 Y=1909.413 Z=-4.623), Max=(X=4932.858 Y=2094.955 Z=64.488) RuntimeGrid:None EditorOnly:0 RuntimeOnly:0 HLODRelevant:0
 |   |   |- [+] [ 80]
 |   |   |   |- Guid:7612680D4ED8006E5509E986AB117030 BaseClass: NativeClass:/Script/Engine.SkeletalMeshActor Name:SkeletalMeshActor_UAID_B00CD162E1E7E03C02_1309043350 Label:Anim_Stretching24 SpatiallyLoaded:1 Bounds:IsValid=true, Min=(X=5240.909 Y=1976.073 Z=-0.691), Max=(X=5355.479 Y=2062.333 Z=115.055) RuntimeGrid:None EditorOnly:0 RuntimeOnly:0 HLODRelevant:0
 |   |   |- [+] [ 81]
 |   |   |   |- Guid:38E5AC824504A346FA9A2F965C846177 BaseClass: NativeClass:/Script/Engine.SkeletalMeshActor Name:SkeletalMeshActor_UAID_B00CD162E1E7E03C02_1317603351 Label:Anim_Stretching25 SpatiallyLoaded:1 Bounds:IsValid=true, Min=(X=3261.719 Y=2465.065 Z=0.274), Max=(X=3338.987 Y=2559.970 Z=115.963) RuntimeGrid:None EditorOnly:0 RuntimeOnly:0 HLODRelevant:0
 |   |   |- [+] [ 82]
 |   |   |   |- Guid:3C461B23411857399A7E708A3969A0F1 BaseClass: NativeClass:/Script/Engine.SkeletalMeshActor Name:SkeletalMeshActor_UAID_B00CD162E1E7E03C02_1320106352 Label:Anim_Stretching26 SpatiallyLoaded:1 Bounds:IsValid=true, Min=(X=3660.700 Y=2465.078 Z=0.286), Max=(X=3737.968 Y=2559.970 Z=116.021) RuntimeGrid:None EditorOnly:0 RuntimeOnly:0 HLODRelevant:0
 |   |   |- [+] [ 83]
 |   |   |   |- Guid:91A2C5FF4D69FC4E89D213B1B3DA5030 BaseClass: NativeClass:/Script/Engine.SkeletalMeshActor Name:SkeletalMeshActor_UAID_B00CD162E1E7E03C02_1322110353 Label:Anim_Stretching27 SpatiallyLoaded:1 Bounds:IsValid=true, Min=(X=4079.596 Y=2401.732 Z=-4.856), Max=(X=4125.657 Y=2556.574 Z=161.244) RuntimeGrid:None EditorOnly:0 RuntimeOnly:0 HLODRelevant:0
 |   |   |- [+] [ 84]
 |   |   |   |- Guid:EB641FA34EE76E5DABFA298681107462 BaseClass: NativeClass:/Script/Engine.SkeletalMeshActor Name:SkeletalMeshActor_UAID_B00CD162E1E7E03C02_1325474354 Label:Anim_Stretching28 SpatiallyLoaded:1 Bounds:IsValid=true, Min=(X=4473.173 Y=2391.701 Z=-4.764), Max=(X=4519.930 Y=2545.803 Z=161.092) RuntimeGrid:None EditorOnly:0 RuntimeOnly:0 HLODRelevant:0
 |   |   |- [+] [ 85]
 |   |   |   |- Guid:0814B3F14B910C02AF93DA97307EEB27 BaseClass: NativeClass:/Script/Engine.SkeletalMeshActor Name:SkeletalMeshActor_UAID_B00CD162E1E7E03C02_1329896355 Label:Anim_Stretching29 SpatiallyLoaded:1 Bounds:IsValid=true, Min=(X=4863.900 Y=2466.225 Z=-0.360), Max=(X=4939.980 Y=2553.296 Z=174.963) RuntimeGrid:None EditorOnly:0 RuntimeOnly:0 HLODRelevant:0
 |   |   |- [+] [ 86]
 |   |   |   |- Guid:49B4B2204E4CA8785AC54088612FBEC1 BaseClass: NativeClass:/Script/Engine.SkeletalMeshActor Name:SkeletalMeshActor_UAID_B00CD162E1E7E03C02_1333146356 Label:Anim_Stretching30 SpatiallyLoaded:1 Bounds:IsValid=true, Min=(X=5259.948 Y=2466.184 Z=-0.353), Max=(X=5336.035 Y=2553.760 Z=174.964) RuntimeGrid:None EditorOnly:0 RuntimeOnly:0 HLODRelevant:0
 |   |   |- [+] [ 87]
 |   |   |   |- Guid:4A9D4DF2420EAD6CA4395DAF10D54CE2 BaseClass: NativeClass:/Script/Engine.SkeletalMeshActor Name:SkeletalMeshActor_UAID_B00CD162E1E7E03C02_1338415357 Label:Anim_Stretching31 SpatiallyLoaded:1 Bounds:IsValid=true, Min=(X=3253.791 Y=2976.288 Z=-0.461), Max=(X=3360.058 Y=3054.035 Z=181.542) RuntimeGrid:None EditorOnly:0 RuntimeOnly:0 HLODRelevant:0
 |   |   |- [+] [ 88]
 |   |   |   |- Guid:3359C541457597F2159E8A85ED8A9C9A BaseClass: NativeClass:/Script/Engine.SkeletalMeshActor Name:SkeletalMeshActor_UAID_B00CD162E1E7E03C02_1341771358 Label:Anim_Stretching32 SpatiallyLoaded:1 Bounds:IsValid=true, Min=(X=3639.289 Y=2976.299 Z=-0.462), Max=(X=3746.711 Y=3054.029 Z=181.542) RuntimeGrid:None EditorOnly:0 RuntimeOnly:0 HLODRelevant:0
 |- ContainerInstances:
 |- [+] MainContainer:
 |   |-        ID: 0x0000000000000000
 |   |-    Bounds: IsValid=false, Min=(X=0.000 Y=0.000 Z=0.000), Max=(X=0.000 Y=0.000 Z=0.000)
 |   |- Transform: 0.000000,0.000000,0.000000|0.000000,0.000000,-0.000000|1.000000,1.000000,1.000000
 |   |- Container: /Game/WorkoutAnimations/Maps/ThirdPersonMap
----------------------------------------------------------------------------------------------------------------
ThirdPersonMap - Persistent Level
----------------------------------------------------------------------------------------------------------------
Always loaded Actor Count: 176 

----------------------------------------------------------------------------------------------------------------
ThirdPersonMap - Runtime Spatial Hash - Streaming Grid - MainGrid
----------------------------------------------------------------------------------------------------------------
            Origin: X=0.000 Y=0.000 Z=0.000
         Cell Size: 12800
      World Bounds: IsValid=false, Min=(X=0.000 Y=0.000 Z=0.000), Max=(X=0.000 Y=0.000 Z=0.000)
     Loading Range: 25600.00
Block Slow Loading: No
 ClientOnlyVisible: No

[+] Grid Levels: 1
 |- Level  0: Cell Count    0 | Cell Size   12800 | Actor Count    0 (0.0%)

[+] Content of Grid Level 0

